ARM GAS  /tmp/cceOw0PM.s 			page 1


   1              		.cpu cortex-m0
   2              		.eabi_attribute 20, 1
   3              		.eabi_attribute 21, 1
   4              		.eabi_attribute 23, 3
   5              		.eabi_attribute 24, 1
   6              		.eabi_attribute 25, 1
   7              		.eabi_attribute 26, 1
   8              		.eabi_attribute 30, 1
   9              		.eabi_attribute 34, 0
  10              		.eabi_attribute 18, 4
  11              		.file	"stm32f0xx_hal_pwr_ex.c"
  12              		.text
  13              	.Ltext0:
  14              		.cfi_sections	.debug_frame
  15              	.Letext0:
  16              		.file 1 "/home/arthurdent/Programs/gcc-arm-none-eabi-6-2017-q1-update/arm-none-eabi/include/machin
  17              		.file 2 "/home/arthurdent/Programs/gcc-arm-none-eabi-6-2017-q1-update/arm-none-eabi/include/sys/_s
  18              		.file 3 "Drivers/CMSIS/Device/ST/STM32F0xx/Include/system_stm32f0xx.h"
  19              		.file 4 "/home/arthurdent/Programs/gcc-arm-none-eabi-6-2017-q1-update/arm-none-eabi/include/sys/lo
  20              		.file 5 "/home/arthurdent/Programs/gcc-arm-none-eabi-6-2017-q1-update/arm-none-eabi/include/sys/_t
  21              		.file 6 "/home/arthurdent/Programs/gcc-arm-none-eabi-6-2017-q1-update/lib/gcc/arm-none-eabi/6.3.1/
  22              		.file 7 "/home/arthurdent/Programs/gcc-arm-none-eabi-6-2017-q1-update/arm-none-eabi/include/sys/re
ARM GAS  /tmp/cceOw0PM.s 			page 2


DEFINED SYMBOLS
                            *ABS*:0000000000000000 stm32f0xx_hal_pwr_ex.c

NO UNDEFINED SYMBOLS
