ARM GAS  /tmp/ccZWzZyS.s 			page 1


   1              		.cpu cortex-m0
   2              		.eabi_attribute 20, 1
   3              		.eabi_attribute 21, 1
   4              		.eabi_attribute 23, 3
   5              		.eabi_attribute 24, 1
   6              		.eabi_attribute 25, 1
   7              		.eabi_attribute 26, 1
   8              		.eabi_attribute 30, 1
   9              		.eabi_attribute 34, 0
  10              		.eabi_attribute 18, 4
  11              		.file	"stm32f0xx_it.c"
  12              		.text
  13              	.Ltext0:
  14              		.cfi_sections	.debug_frame
  15              		.section	.text.NMI_Handler,"ax",%progbits
  16              		.align	1
  17              		.global	NMI_Handler
  18              		.syntax unified
  19              		.code	16
  20              		.thumb_func
  21              		.fpu softvfp
  23              	NMI_Handler:
  24              	.LFB35:
  25              		.file 1 "Src/stm32f0xx_it.c"
   1:Src/stm32f0xx_it.c **** /**
   2:Src/stm32f0xx_it.c ****   ******************************************************************************
   3:Src/stm32f0xx_it.c ****   * @file    stm32f0xx_it.c
   4:Src/stm32f0xx_it.c ****   * @brief   Interrupt Service Routines.
   5:Src/stm32f0xx_it.c ****   ******************************************************************************
   6:Src/stm32f0xx_it.c ****   *
   7:Src/stm32f0xx_it.c ****   * COPYRIGHT(c) 2018 STMicroelectronics
   8:Src/stm32f0xx_it.c ****   *
   9:Src/stm32f0xx_it.c ****   * Redistribution and use in source and binary forms, with or without modification,
  10:Src/stm32f0xx_it.c ****   * are permitted provided that the following conditions are met:
  11:Src/stm32f0xx_it.c ****   *   1. Redistributions of source code must retain the above copyright notice,
  12:Src/stm32f0xx_it.c ****   *      this list of conditions and the following disclaimer.
  13:Src/stm32f0xx_it.c ****   *   2. Redistributions in binary form must reproduce the above copyright notice,
  14:Src/stm32f0xx_it.c ****   *      this list of conditions and the following disclaimer in the documentation
  15:Src/stm32f0xx_it.c ****   *      and/or other materials provided with the distribution.
  16:Src/stm32f0xx_it.c ****   *   3. Neither the name of STMicroelectronics nor the names of its contributors
  17:Src/stm32f0xx_it.c ****   *      may be used to endorse or promote products derived from this software
  18:Src/stm32f0xx_it.c ****   *      without specific prior written permission.
  19:Src/stm32f0xx_it.c ****   *
  20:Src/stm32f0xx_it.c ****   * THIS SOFTWARE IS PROVIDED BY THE COPYRIGHT HOLDERS AND CONTRIBUTORS "AS IS"
  21:Src/stm32f0xx_it.c ****   * AND ANY EXPRESS OR IMPLIED WARRANTIES, INCLUDING, BUT NOT LIMITED TO, THE
  22:Src/stm32f0xx_it.c ****   * IMPLIED WARRANTIES OF MERCHANTABILITY AND FITNESS FOR A PARTICULAR PURPOSE ARE
  23:Src/stm32f0xx_it.c ****   * DISCLAIMED. IN NO EVENT SHALL THE COPYRIGHT HOLDER OR CONTRIBUTORS BE LIABLE
  24:Src/stm32f0xx_it.c ****   * FOR ANY DIRECT, INDIRECT, INCIDENTAL, SPECIAL, EXEMPLARY, OR CONSEQUENTIAL
  25:Src/stm32f0xx_it.c ****   * DAMAGES (INCLUDING, BUT NOT LIMITED TO, PROCUREMENT OF SUBSTITUTE GOODS OR
  26:Src/stm32f0xx_it.c ****   * SERVICES; LOSS OF USE, DATA, OR PROFITS; OR BUSINESS INTERRUPTION) HOWEVER
  27:Src/stm32f0xx_it.c ****   * CAUSED AND ON ANY THEORY OF LIABILITY, WHETHER IN CONTRACT, STRICT LIABILITY,
  28:Src/stm32f0xx_it.c ****   * OR TORT (INCLUDING NEGLIGENCE OR OTHERWISE) ARISING IN ANY WAY OUT OF THE USE
  29:Src/stm32f0xx_it.c ****   * OF THIS SOFTWARE, EVEN IF ADVISED OF THE POSSIBILITY OF SUCH DAMAGE.
  30:Src/stm32f0xx_it.c ****   *
  31:Src/stm32f0xx_it.c ****   ******************************************************************************
  32:Src/stm32f0xx_it.c ****   */
  33:Src/stm32f0xx_it.c **** /* Includes ------------------------------------------------------------------*/
ARM GAS  /tmp/ccZWzZyS.s 			page 2


  34:Src/stm32f0xx_it.c **** #include "stm32f0xx_hal.h"
  35:Src/stm32f0xx_it.c **** #include "stm32f0xx.h"
  36:Src/stm32f0xx_it.c **** #include "stm32f0xx_it.h"
  37:Src/stm32f0xx_it.c **** 
  38:Src/stm32f0xx_it.c **** /* USER CODE BEGIN 0 */
  39:Src/stm32f0xx_it.c **** 
  40:Src/stm32f0xx_it.c **** /* USER CODE END 0 */
  41:Src/stm32f0xx_it.c **** 
  42:Src/stm32f0xx_it.c **** /* External variables --------------------------------------------------------*/
  43:Src/stm32f0xx_it.c **** 
  44:Src/stm32f0xx_it.c **** /******************************************************************************/
  45:Src/stm32f0xx_it.c **** /*            Cortex-M0 Processor Interruption and Exception Handlers         */ 
  46:Src/stm32f0xx_it.c **** /******************************************************************************/
  47:Src/stm32f0xx_it.c **** 
  48:Src/stm32f0xx_it.c **** /**
  49:Src/stm32f0xx_it.c **** * @brief This function handles Non maskable interrupt.
  50:Src/stm32f0xx_it.c **** */
  51:Src/stm32f0xx_it.c **** void NMI_Handler(void)
  52:Src/stm32f0xx_it.c **** {
  26              		.loc 1 52 0
  27              		.cfi_startproc
  28              		@ args = 0, pretend = 0, frame = 0
  29              		@ frame_needed = 0, uses_anonymous_args = 0
  30              		@ link register save eliminated.
  53:Src/stm32f0xx_it.c ****   /* USER CODE BEGIN NonMaskableInt_IRQn 0 */
  54:Src/stm32f0xx_it.c **** 
  55:Src/stm32f0xx_it.c ****   /* USER CODE END NonMaskableInt_IRQn 0 */
  56:Src/stm32f0xx_it.c ****   /* USER CODE BEGIN NonMaskableInt_IRQn 1 */
  57:Src/stm32f0xx_it.c **** 
  58:Src/stm32f0xx_it.c ****   /* USER CODE END NonMaskableInt_IRQn 1 */
  59:Src/stm32f0xx_it.c **** }
  31              		.loc 1 59 0
  32              		@ sp needed
  33 0000 7047     		bx	lr
  34              		.cfi_endproc
  35              	.LFE35:
  37              		.section	.text.HardFault_Handler,"ax",%progbits
  38              		.align	1
  39              		.global	HardFault_Handler
  40              		.syntax unified
  41              		.code	16
  42              		.thumb_func
  43              		.fpu softvfp
  45              	HardFault_Handler:
  46              	.LFB36:
  60:Src/stm32f0xx_it.c **** 
  61:Src/stm32f0xx_it.c **** /**
  62:Src/stm32f0xx_it.c **** * @brief This function handles Hard fault interrupt.
  63:Src/stm32f0xx_it.c **** */
  64:Src/stm32f0xx_it.c **** void HardFault_Handler(void)
  65:Src/stm32f0xx_it.c **** {
  47              		.loc 1 65 0
  48              		.cfi_startproc
  49              		@ Volatile: function does not return.
  50              		@ args = 0, pretend = 0, frame = 0
  51              		@ frame_needed = 0, uses_anonymous_args = 0
  52              		@ link register save eliminated.
ARM GAS  /tmp/ccZWzZyS.s 			page 3


  53              	.L3:
  54 0000 FEE7     		b	.L3
  55              		.cfi_endproc
  56              	.LFE36:
  58              		.section	.text.SVC_Handler,"ax",%progbits
  59              		.align	1
  60              		.global	SVC_Handler
  61              		.syntax unified
  62              		.code	16
  63              		.thumb_func
  64              		.fpu softvfp
  66              	SVC_Handler:
  67              	.LFB37:
  66:Src/stm32f0xx_it.c ****   /* USER CODE BEGIN HardFault_IRQn 0 */
  67:Src/stm32f0xx_it.c **** 
  68:Src/stm32f0xx_it.c ****   /* USER CODE END HardFault_IRQn 0 */
  69:Src/stm32f0xx_it.c ****   while (1)
  70:Src/stm32f0xx_it.c ****   {
  71:Src/stm32f0xx_it.c ****     /* USER CODE BEGIN W1_HardFault_IRQn 0 */
  72:Src/stm32f0xx_it.c ****     /* USER CODE END W1_HardFault_IRQn 0 */
  73:Src/stm32f0xx_it.c ****   }
  74:Src/stm32f0xx_it.c ****   /* USER CODE BEGIN HardFault_IRQn 1 */
  75:Src/stm32f0xx_it.c **** 
  76:Src/stm32f0xx_it.c ****   /* USER CODE END HardFault_IRQn 1 */
  77:Src/stm32f0xx_it.c **** }
  78:Src/stm32f0xx_it.c **** 
  79:Src/stm32f0xx_it.c **** /**
  80:Src/stm32f0xx_it.c **** * @brief This function handles System service call via SWI instruction.
  81:Src/stm32f0xx_it.c **** */
  82:Src/stm32f0xx_it.c **** void SVC_Handler(void)
  83:Src/stm32f0xx_it.c **** {
  68              		.loc 1 83 0
  69              		.cfi_startproc
  70              		@ args = 0, pretend = 0, frame = 0
  71              		@ frame_needed = 0, uses_anonymous_args = 0
  72              		@ link register save eliminated.
  84:Src/stm32f0xx_it.c ****   /* USER CODE BEGIN SVC_IRQn 0 */
  85:Src/stm32f0xx_it.c **** 
  86:Src/stm32f0xx_it.c ****   /* USER CODE END SVC_IRQn 0 */
  87:Src/stm32f0xx_it.c ****   /* USER CODE BEGIN SVC_IRQn 1 */
  88:Src/stm32f0xx_it.c **** 
  89:Src/stm32f0xx_it.c ****   /* USER CODE END SVC_IRQn 1 */
  90:Src/stm32f0xx_it.c **** }
  73              		.loc 1 90 0
  74              		@ sp needed
  75 0000 7047     		bx	lr
  76              		.cfi_endproc
  77              	.LFE37:
  79              		.section	.text.PendSV_Handler,"ax",%progbits
  80              		.align	1
  81              		.global	PendSV_Handler
  82              		.syntax unified
  83              		.code	16
  84              		.thumb_func
  85              		.fpu softvfp
  87              	PendSV_Handler:
  88              	.LFB38:
ARM GAS  /tmp/ccZWzZyS.s 			page 4


  91:Src/stm32f0xx_it.c **** 
  92:Src/stm32f0xx_it.c **** /**
  93:Src/stm32f0xx_it.c **** * @brief This function handles Pendable request for system service.
  94:Src/stm32f0xx_it.c **** */
  95:Src/stm32f0xx_it.c **** void PendSV_Handler(void)
  96:Src/stm32f0xx_it.c **** {
  89              		.loc 1 96 0
  90              		.cfi_startproc
  91              		@ args = 0, pretend = 0, frame = 0
  92              		@ frame_needed = 0, uses_anonymous_args = 0
  93              		@ link register save eliminated.
  97:Src/stm32f0xx_it.c ****   /* USER CODE BEGIN PendSV_IRQn 0 */
  98:Src/stm32f0xx_it.c **** 
  99:Src/stm32f0xx_it.c ****   /* USER CODE END PendSV_IRQn 0 */
 100:Src/stm32f0xx_it.c ****   /* USER CODE BEGIN PendSV_IRQn 1 */
 101:Src/stm32f0xx_it.c **** 
 102:Src/stm32f0xx_it.c ****   /* USER CODE END PendSV_IRQn 1 */
 103:Src/stm32f0xx_it.c **** }
  94              		.loc 1 103 0
  95              		@ sp needed
  96 0000 7047     		bx	lr
  97              		.cfi_endproc
  98              	.LFE38:
 100              		.section	.text.SysTick_Handler,"ax",%progbits
 101              		.align	1
 102              		.global	SysTick_Handler
 103              		.syntax unified
 104              		.code	16
 105              		.thumb_func
 106              		.fpu softvfp
 108              	SysTick_Handler:
 109              	.LFB39:
 104:Src/stm32f0xx_it.c **** 
 105:Src/stm32f0xx_it.c **** /**
 106:Src/stm32f0xx_it.c **** * @brief This function handles System tick timer.
 107:Src/stm32f0xx_it.c **** */
 108:Src/stm32f0xx_it.c **** void SysTick_Handler(void)
 109:Src/stm32f0xx_it.c **** {
 110              		.loc 1 109 0
 111              		.cfi_startproc
 112              		@ args = 0, pretend = 0, frame = 0
 113              		@ frame_needed = 0, uses_anonymous_args = 0
 114 0000 10B5     		push	{r4, lr}
 115              	.LCFI0:
 116              		.cfi_def_cfa_offset 8
 117              		.cfi_offset 4, -8
 118              		.cfi_offset 14, -4
 110:Src/stm32f0xx_it.c ****   /* USER CODE BEGIN SysTick_IRQn 0 */
 111:Src/stm32f0xx_it.c **** 
 112:Src/stm32f0xx_it.c ****   /* USER CODE END SysTick_IRQn 0 */
 113:Src/stm32f0xx_it.c ****   HAL_IncTick();
 119              		.loc 1 113 0
 120 0002 FFF7FEFF 		bl	HAL_IncTick
 121              	.LVL0:
 114:Src/stm32f0xx_it.c ****   HAL_SYSTICK_IRQHandler();
 122              		.loc 1 114 0
 123 0006 FFF7FEFF 		bl	HAL_SYSTICK_IRQHandler
ARM GAS  /tmp/ccZWzZyS.s 			page 5


 124              	.LVL1:
 115:Src/stm32f0xx_it.c ****   /* USER CODE BEGIN SysTick_IRQn 1 */
 116:Src/stm32f0xx_it.c **** 
 117:Src/stm32f0xx_it.c ****   /* USER CODE END SysTick_IRQn 1 */
 118:Src/stm32f0xx_it.c **** }
 125              		.loc 1 118 0
 126              		@ sp needed
 127 000a 10BD     		pop	{r4, pc}
 128              		.cfi_endproc
 129              	.LFE39:
 131              		.text
 132              	.Letext0:
 133              		.file 2 "/home/arthurdent/Programs/gcc-arm-none-eabi-6-2017-q1-update/arm-none-eabi/include/machin
 134              		.file 3 "/home/arthurdent/Programs/gcc-arm-none-eabi-6-2017-q1-update/arm-none-eabi/include/sys/_s
 135              		.file 4 "Drivers/CMSIS/Device/ST/STM32F0xx/Include/system_stm32f0xx.h"
 136              		.file 5 "/home/arthurdent/Programs/gcc-arm-none-eabi-6-2017-q1-update/arm-none-eabi/include/sys/lo
 137              		.file 6 "/home/arthurdent/Programs/gcc-arm-none-eabi-6-2017-q1-update/arm-none-eabi/include/sys/_t
 138              		.file 7 "/home/arthurdent/Programs/gcc-arm-none-eabi-6-2017-q1-update/lib/gcc/arm-none-eabi/6.3.1/
 139              		.file 8 "/home/arthurdent/Programs/gcc-arm-none-eabi-6-2017-q1-update/arm-none-eabi/include/sys/re
 140              		.file 9 "Drivers/STM32F0xx_HAL_Driver/Inc/stm32f0xx_hal.h"
 141              		.file 10 "Drivers/STM32F0xx_HAL_Driver/Inc/stm32f0xx_hal_cortex.h"
ARM GAS  /tmp/ccZWzZyS.s 			page 6


DEFINED SYMBOLS
                            *ABS*:0000000000000000 stm32f0xx_it.c
     /tmp/ccZWzZyS.s:16     .text.NMI_Handler:0000000000000000 $t
     /tmp/ccZWzZyS.s:23     .text.NMI_Handler:0000000000000000 NMI_Handler
     /tmp/ccZWzZyS.s:38     .text.HardFault_Handler:0000000000000000 $t
     /tmp/ccZWzZyS.s:45     .text.HardFault_Handler:0000000000000000 HardFault_Handler
     /tmp/ccZWzZyS.s:59     .text.SVC_Handler:0000000000000000 $t
     /tmp/ccZWzZyS.s:66     .text.SVC_Handler:0000000000000000 SVC_Handler
     /tmp/ccZWzZyS.s:80     .text.PendSV_Handler:0000000000000000 $t
     /tmp/ccZWzZyS.s:87     .text.PendSV_Handler:0000000000000000 PendSV_Handler
     /tmp/ccZWzZyS.s:101    .text.SysTick_Handler:0000000000000000 $t
     /tmp/ccZWzZyS.s:108    .text.SysTick_Handler:0000000000000000 SysTick_Handler
                     .debug_frame:0000000000000010 $d

UNDEFINED SYMBOLS
HAL_IncTick
HAL_SYSTICK_IRQHandler
