ARM GAS  /tmp/ccDtXyY2.s 			page 1


   1              		.cpu cortex-m0
   2              		.eabi_attribute 20, 1
   3              		.eabi_attribute 21, 1
   4              		.eabi_attribute 23, 3
   5              		.eabi_attribute 24, 1
   6              		.eabi_attribute 25, 1
   7              		.eabi_attribute 26, 1
   8              		.eabi_attribute 30, 1
   9              		.eabi_attribute 34, 0
  10              		.eabi_attribute 18, 4
  11              		.file	"stm32f0xx_hal_gpio.c"
  12              		.text
  13              	.Ltext0:
  14              		.cfi_sections	.debug_frame
  15              		.section	.text.HAL_GPIO_Init,"ax",%progbits
  16              		.align	1
  17              		.global	HAL_GPIO_Init
  18              		.syntax unified
  19              		.code	16
  20              		.thumb_func
  21              		.fpu softvfp
  23              	HAL_GPIO_Init:
  24              	.LFB35:
  25              		.file 1 "Drivers/STM32F0xx_HAL_Driver/Src/stm32f0xx_hal_gpio.c"
   1:Drivers/STM32F0xx_HAL_Driver/Src/stm32f0xx_hal_gpio.c **** /**
   2:Drivers/STM32F0xx_HAL_Driver/Src/stm32f0xx_hal_gpio.c ****   ******************************************************************************
   3:Drivers/STM32F0xx_HAL_Driver/Src/stm32f0xx_hal_gpio.c ****   * @file    stm32f0xx_hal_gpio.c
   4:Drivers/STM32F0xx_HAL_Driver/Src/stm32f0xx_hal_gpio.c ****   * @author  MCD Application Team
   5:Drivers/STM32F0xx_HAL_Driver/Src/stm32f0xx_hal_gpio.c ****   * @brief   GPIO HAL module driver.
   6:Drivers/STM32F0xx_HAL_Driver/Src/stm32f0xx_hal_gpio.c ****   *          This file provides firmware functions to manage the following 
   7:Drivers/STM32F0xx_HAL_Driver/Src/stm32f0xx_hal_gpio.c ****   *          functionalities of the General Purpose Input/Output (GPIO) peripheral:
   8:Drivers/STM32F0xx_HAL_Driver/Src/stm32f0xx_hal_gpio.c ****   *           + Initialization and de-initialization functions
   9:Drivers/STM32F0xx_HAL_Driver/Src/stm32f0xx_hal_gpio.c ****   *           + IO operation functions
  10:Drivers/STM32F0xx_HAL_Driver/Src/stm32f0xx_hal_gpio.c ****   *         
  11:Drivers/STM32F0xx_HAL_Driver/Src/stm32f0xx_hal_gpio.c ****   @verbatim
  12:Drivers/STM32F0xx_HAL_Driver/Src/stm32f0xx_hal_gpio.c ****   ==============================================================================
  13:Drivers/STM32F0xx_HAL_Driver/Src/stm32f0xx_hal_gpio.c ****                     ##### GPIO Peripheral features #####
  14:Drivers/STM32F0xx_HAL_Driver/Src/stm32f0xx_hal_gpio.c ****   ==============================================================================         
  15:Drivers/STM32F0xx_HAL_Driver/Src/stm32f0xx_hal_gpio.c ****   [..] 
  16:Drivers/STM32F0xx_HAL_Driver/Src/stm32f0xx_hal_gpio.c ****     (+) Each port bit of the general-purpose I/O (GPIO) ports can be individually
  17:Drivers/STM32F0xx_HAL_Driver/Src/stm32f0xx_hal_gpio.c ****   configured by software in several modes:
  18:Drivers/STM32F0xx_HAL_Driver/Src/stm32f0xx_hal_gpio.c ****         (++) Input mode
  19:Drivers/STM32F0xx_HAL_Driver/Src/stm32f0xx_hal_gpio.c ****         (++) Analog mode
  20:Drivers/STM32F0xx_HAL_Driver/Src/stm32f0xx_hal_gpio.c ****         (++) Output mode
  21:Drivers/STM32F0xx_HAL_Driver/Src/stm32f0xx_hal_gpio.c ****         (++) Alternate function mode
  22:Drivers/STM32F0xx_HAL_Driver/Src/stm32f0xx_hal_gpio.c ****         (++) External interrupt/event lines
  23:Drivers/STM32F0xx_HAL_Driver/Src/stm32f0xx_hal_gpio.c ****  
  24:Drivers/STM32F0xx_HAL_Driver/Src/stm32f0xx_hal_gpio.c ****     (+) During and just after reset, the alternate functions and external interrupt
  25:Drivers/STM32F0xx_HAL_Driver/Src/stm32f0xx_hal_gpio.c ****   lines are not active and the I/O ports are configured in input floating mode.
  26:Drivers/STM32F0xx_HAL_Driver/Src/stm32f0xx_hal_gpio.c ****   
  27:Drivers/STM32F0xx_HAL_Driver/Src/stm32f0xx_hal_gpio.c ****     (+) All GPIO pins have weak internal pull-up and pull-down resistors, which can be
  28:Drivers/STM32F0xx_HAL_Driver/Src/stm32f0xx_hal_gpio.c ****   activated or not.
  29:Drivers/STM32F0xx_HAL_Driver/Src/stm32f0xx_hal_gpio.c ****            
  30:Drivers/STM32F0xx_HAL_Driver/Src/stm32f0xx_hal_gpio.c ****     (+) In Output or Alternate mode, each IO can be configured on open-drain or push-pull
  31:Drivers/STM32F0xx_HAL_Driver/Src/stm32f0xx_hal_gpio.c ****   type and the IO speed can be selected depending on the VDD value.
  32:Drivers/STM32F0xx_HAL_Driver/Src/stm32f0xx_hal_gpio.c ****        
  33:Drivers/STM32F0xx_HAL_Driver/Src/stm32f0xx_hal_gpio.c ****     (+) The microcontroller IO pins are connected to onboard peripherals/modules through a
ARM GAS  /tmp/ccDtXyY2.s 			page 2


  34:Drivers/STM32F0xx_HAL_Driver/Src/stm32f0xx_hal_gpio.c ****         multiplexer that allows only one peripheral alternate function (AF) connected
  35:Drivers/STM32F0xx_HAL_Driver/Src/stm32f0xx_hal_gpio.c ****   to an IO pin at a time. In this way, there can be no conflict between peripherals 
  36:Drivers/STM32F0xx_HAL_Driver/Src/stm32f0xx_hal_gpio.c ****   sharing the same IO pin. 
  37:Drivers/STM32F0xx_HAL_Driver/Src/stm32f0xx_hal_gpio.c ****   
  38:Drivers/STM32F0xx_HAL_Driver/Src/stm32f0xx_hal_gpio.c ****     (+) All ports have external interrupt/event capability. To use external interrupt
  39:Drivers/STM32F0xx_HAL_Driver/Src/stm32f0xx_hal_gpio.c ****   lines, the port must be configured in input mode. All available GPIO pins are 
  40:Drivers/STM32F0xx_HAL_Driver/Src/stm32f0xx_hal_gpio.c ****   connected to the 16 external interrupt/event lines from EXTI0 to EXTI15.
  41:Drivers/STM32F0xx_HAL_Driver/Src/stm32f0xx_hal_gpio.c ****   
  42:Drivers/STM32F0xx_HAL_Driver/Src/stm32f0xx_hal_gpio.c ****     (+) The external interrupt/event controller consists of up to 28 edge detectors
  43:Drivers/STM32F0xx_HAL_Driver/Src/stm32f0xx_hal_gpio.c ****         (16 lines are connected to GPIO) for generating event/interrupt requests (each
  44:Drivers/STM32F0xx_HAL_Driver/Src/stm32f0xx_hal_gpio.c ****         input line can be independently configured to select the type (interrupt or event)
  45:Drivers/STM32F0xx_HAL_Driver/Src/stm32f0xx_hal_gpio.c ****         and the corresponding trigger event (rising or falling or both). Each line can
  46:Drivers/STM32F0xx_HAL_Driver/Src/stm32f0xx_hal_gpio.c ****         also be masked independently.
  47:Drivers/STM32F0xx_HAL_Driver/Src/stm32f0xx_hal_gpio.c ****    
  48:Drivers/STM32F0xx_HAL_Driver/Src/stm32f0xx_hal_gpio.c ****             ##### How to use this driver #####
  49:Drivers/STM32F0xx_HAL_Driver/Src/stm32f0xx_hal_gpio.c ****   ==============================================================================  
  50:Drivers/STM32F0xx_HAL_Driver/Src/stm32f0xx_hal_gpio.c ****   [..]
  51:Drivers/STM32F0xx_HAL_Driver/Src/stm32f0xx_hal_gpio.c ****    (#) Enable the GPIO AHB clock using the following function : __HAL_RCC_GPIOx_CLK_ENABLE(). 
  52:Drivers/STM32F0xx_HAL_Driver/Src/stm32f0xx_hal_gpio.c ****                                     
  53:Drivers/STM32F0xx_HAL_Driver/Src/stm32f0xx_hal_gpio.c ****    (#) Configure the GPIO pin(s) using HAL_GPIO_Init().
  54:Drivers/STM32F0xx_HAL_Driver/Src/stm32f0xx_hal_gpio.c ****        (++) Configure the IO mode using "Mode" member from GPIO_InitTypeDef structure
  55:Drivers/STM32F0xx_HAL_Driver/Src/stm32f0xx_hal_gpio.c ****        (++) Activate Pull-up, Pull-down resistor using "Pull" member from GPIO_InitTypeDef 
  56:Drivers/STM32F0xx_HAL_Driver/Src/stm32f0xx_hal_gpio.c ****             structure.
  57:Drivers/STM32F0xx_HAL_Driver/Src/stm32f0xx_hal_gpio.c ****        (++) In case of Output or alternate function mode selection: the speed is 
  58:Drivers/STM32F0xx_HAL_Driver/Src/stm32f0xx_hal_gpio.c ****              configured through "Speed" member from GPIO_InitTypeDef structure.
  59:Drivers/STM32F0xx_HAL_Driver/Src/stm32f0xx_hal_gpio.c ****         (++) In alternate mode is selection, the alternate function connected to the IO
  60:Drivers/STM32F0xx_HAL_Driver/Src/stm32f0xx_hal_gpio.c ****              is configured through "Alternate" member from GPIO_InitTypeDef structure.
  61:Drivers/STM32F0xx_HAL_Driver/Src/stm32f0xx_hal_gpio.c ****        (++) Analog mode is required when a pin is to be used as ADC channel 
  62:Drivers/STM32F0xx_HAL_Driver/Src/stm32f0xx_hal_gpio.c ****             or DAC output.
  63:Drivers/STM32F0xx_HAL_Driver/Src/stm32f0xx_hal_gpio.c ****        (++) In case of external interrupt/event selection the "Mode" member from 
  64:Drivers/STM32F0xx_HAL_Driver/Src/stm32f0xx_hal_gpio.c ****             GPIO_InitTypeDef structure select the type (interrupt or event) and 
  65:Drivers/STM32F0xx_HAL_Driver/Src/stm32f0xx_hal_gpio.c ****             the corresponding trigger event (rising or falling or both).
  66:Drivers/STM32F0xx_HAL_Driver/Src/stm32f0xx_hal_gpio.c ****   
  67:Drivers/STM32F0xx_HAL_Driver/Src/stm32f0xx_hal_gpio.c ****    (#) In case of external interrupt/event mode selection, configure NVIC IRQ priority 
  68:Drivers/STM32F0xx_HAL_Driver/Src/stm32f0xx_hal_gpio.c ****        mapped to the EXTI line using HAL_NVIC_SetPriority() and enable it using
  69:Drivers/STM32F0xx_HAL_Driver/Src/stm32f0xx_hal_gpio.c ****        HAL_NVIC_EnableIRQ().
  70:Drivers/STM32F0xx_HAL_Driver/Src/stm32f0xx_hal_gpio.c ****   
  71:Drivers/STM32F0xx_HAL_Driver/Src/stm32f0xx_hal_gpio.c ****    (#) HAL_GPIO_DeInit allows to set register values to their reset value. It's also 
  72:Drivers/STM32F0xx_HAL_Driver/Src/stm32f0xx_hal_gpio.c ****        recommended to use it to unconfigure pin which was used as an external interrupt 
  73:Drivers/STM32F0xx_HAL_Driver/Src/stm32f0xx_hal_gpio.c ****        or in event mode. That's the only way to reset corresponding bit in EXTI & SYSCFG 
  74:Drivers/STM32F0xx_HAL_Driver/Src/stm32f0xx_hal_gpio.c ****        registers.
  75:Drivers/STM32F0xx_HAL_Driver/Src/stm32f0xx_hal_gpio.c ****   
  76:Drivers/STM32F0xx_HAL_Driver/Src/stm32f0xx_hal_gpio.c ****    (#) To get the level of a pin configured in input mode use HAL_GPIO_ReadPin().
  77:Drivers/STM32F0xx_HAL_Driver/Src/stm32f0xx_hal_gpio.c ****   
  78:Drivers/STM32F0xx_HAL_Driver/Src/stm32f0xx_hal_gpio.c ****    (#) To set/reset the level of a pin configured in output mode use 
  79:Drivers/STM32F0xx_HAL_Driver/Src/stm32f0xx_hal_gpio.c ****        HAL_GPIO_WritePin()/HAL_GPIO_TogglePin().
  80:Drivers/STM32F0xx_HAL_Driver/Src/stm32f0xx_hal_gpio.c ****   
  81:Drivers/STM32F0xx_HAL_Driver/Src/stm32f0xx_hal_gpio.c ****    (#) To lock pin configuration until next reset use HAL_GPIO_LockPin().
  82:Drivers/STM32F0xx_HAL_Driver/Src/stm32f0xx_hal_gpio.c ****   
  83:Drivers/STM32F0xx_HAL_Driver/Src/stm32f0xx_hal_gpio.c ****    (#) During and just after reset, the alternate functions are not 
  84:Drivers/STM32F0xx_HAL_Driver/Src/stm32f0xx_hal_gpio.c ****        active and the GPIO pins are configured in input floating mode (except JTAG
  85:Drivers/STM32F0xx_HAL_Driver/Src/stm32f0xx_hal_gpio.c ****        pins).
  86:Drivers/STM32F0xx_HAL_Driver/Src/stm32f0xx_hal_gpio.c ****   
  87:Drivers/STM32F0xx_HAL_Driver/Src/stm32f0xx_hal_gpio.c ****    (#) The LSE oscillator pins OSC32_IN and OSC32_OUT can be used as general purpose 
  88:Drivers/STM32F0xx_HAL_Driver/Src/stm32f0xx_hal_gpio.c ****        (PC14 and PC15, respectively) when the LSE oscillator is off. The LSE has 
  89:Drivers/STM32F0xx_HAL_Driver/Src/stm32f0xx_hal_gpio.c ****        priority over the GPIO function.
  90:Drivers/STM32F0xx_HAL_Driver/Src/stm32f0xx_hal_gpio.c ****   
ARM GAS  /tmp/ccDtXyY2.s 			page 3


  91:Drivers/STM32F0xx_HAL_Driver/Src/stm32f0xx_hal_gpio.c ****    (#) The HSE oscillator pins OSC_IN/OSC_OUT can be used as 
  92:Drivers/STM32F0xx_HAL_Driver/Src/stm32f0xx_hal_gpio.c ****         general purpose PF0 and PF1, respectively, when the HSE oscillator is off.
  93:Drivers/STM32F0xx_HAL_Driver/Src/stm32f0xx_hal_gpio.c ****        The HSE has priority over the GPIO function.
  94:Drivers/STM32F0xx_HAL_Driver/Src/stm32f0xx_hal_gpio.c ****   
  95:Drivers/STM32F0xx_HAL_Driver/Src/stm32f0xx_hal_gpio.c ****   @endverbatim
  96:Drivers/STM32F0xx_HAL_Driver/Src/stm32f0xx_hal_gpio.c ****   ******************************************************************************
  97:Drivers/STM32F0xx_HAL_Driver/Src/stm32f0xx_hal_gpio.c ****   * @attention
  98:Drivers/STM32F0xx_HAL_Driver/Src/stm32f0xx_hal_gpio.c ****   *
  99:Drivers/STM32F0xx_HAL_Driver/Src/stm32f0xx_hal_gpio.c ****   * <h2><center>&copy; COPYRIGHT(c) 2016 STMicroelectronics</center></h2>
 100:Drivers/STM32F0xx_HAL_Driver/Src/stm32f0xx_hal_gpio.c ****   *
 101:Drivers/STM32F0xx_HAL_Driver/Src/stm32f0xx_hal_gpio.c ****   * Redistribution and use in source and binary forms, with or without modification,
 102:Drivers/STM32F0xx_HAL_Driver/Src/stm32f0xx_hal_gpio.c ****   * are permitted provided that the following conditions are met:
 103:Drivers/STM32F0xx_HAL_Driver/Src/stm32f0xx_hal_gpio.c ****   *   1. Redistributions of source code must retain the above copyright notice,
 104:Drivers/STM32F0xx_HAL_Driver/Src/stm32f0xx_hal_gpio.c ****   *      this list of conditions and the following disclaimer.
 105:Drivers/STM32F0xx_HAL_Driver/Src/stm32f0xx_hal_gpio.c ****   *   2. Redistributions in binary form must reproduce the above copyright notice,
 106:Drivers/STM32F0xx_HAL_Driver/Src/stm32f0xx_hal_gpio.c ****   *      this list of conditions and the following disclaimer in the documentation
 107:Drivers/STM32F0xx_HAL_Driver/Src/stm32f0xx_hal_gpio.c ****   *      and/or other materials provided with the distribution.
 108:Drivers/STM32F0xx_HAL_Driver/Src/stm32f0xx_hal_gpio.c ****   *   3. Neither the name of STMicroelectronics nor the names of its contributors
 109:Drivers/STM32F0xx_HAL_Driver/Src/stm32f0xx_hal_gpio.c ****   *      may be used to endorse or promote products derived from this software
 110:Drivers/STM32F0xx_HAL_Driver/Src/stm32f0xx_hal_gpio.c ****   *      without specific prior written permission.
 111:Drivers/STM32F0xx_HAL_Driver/Src/stm32f0xx_hal_gpio.c ****   *
 112:Drivers/STM32F0xx_HAL_Driver/Src/stm32f0xx_hal_gpio.c ****   * THIS SOFTWARE IS PROVIDED BY THE COPYRIGHT HOLDERS AND CONTRIBUTORS "AS IS"
 113:Drivers/STM32F0xx_HAL_Driver/Src/stm32f0xx_hal_gpio.c ****   * AND ANY EXPRESS OR IMPLIED WARRANTIES, INCLUDING, BUT NOT LIMITED TO, THE
 114:Drivers/STM32F0xx_HAL_Driver/Src/stm32f0xx_hal_gpio.c ****   * IMPLIED WARRANTIES OF MERCHANTABILITY AND FITNESS FOR A PARTICULAR PURPOSE ARE
 115:Drivers/STM32F0xx_HAL_Driver/Src/stm32f0xx_hal_gpio.c ****   * DISCLAIMED. IN NO EVENT SHALL THE COPYRIGHT HOLDER OR CONTRIBUTORS BE LIABLE
 116:Drivers/STM32F0xx_HAL_Driver/Src/stm32f0xx_hal_gpio.c ****   * FOR ANY DIRECT, INDIRECT, INCIDENTAL, SPECIAL, EXEMPLARY, OR CONSEQUENTIAL
 117:Drivers/STM32F0xx_HAL_Driver/Src/stm32f0xx_hal_gpio.c ****   * DAMAGES (INCLUDING, BUT NOT LIMITED TO, PROCUREMENT OF SUBSTITUTE GOODS OR
 118:Drivers/STM32F0xx_HAL_Driver/Src/stm32f0xx_hal_gpio.c ****   * SERVICES; LOSS OF USE, DATA, OR PROFITS; OR BUSINESS INTERRUPTION) HOWEVER
 119:Drivers/STM32F0xx_HAL_Driver/Src/stm32f0xx_hal_gpio.c ****   * CAUSED AND ON ANY THEORY OF LIABILITY, WHETHER IN CONTRACT, STRICT LIABILITY,
 120:Drivers/STM32F0xx_HAL_Driver/Src/stm32f0xx_hal_gpio.c ****   * OR TORT (INCLUDING NEGLIGENCE OR OTHERWISE) ARISING IN ANY WAY OUT OF THE USE
 121:Drivers/STM32F0xx_HAL_Driver/Src/stm32f0xx_hal_gpio.c ****   * OF THIS SOFTWARE, EVEN IF ADVISED OF THE POSSIBILITY OF SUCH DAMAGE.
 122:Drivers/STM32F0xx_HAL_Driver/Src/stm32f0xx_hal_gpio.c ****   *
 123:Drivers/STM32F0xx_HAL_Driver/Src/stm32f0xx_hal_gpio.c ****   ******************************************************************************  
 124:Drivers/STM32F0xx_HAL_Driver/Src/stm32f0xx_hal_gpio.c ****   */
 125:Drivers/STM32F0xx_HAL_Driver/Src/stm32f0xx_hal_gpio.c **** 
 126:Drivers/STM32F0xx_HAL_Driver/Src/stm32f0xx_hal_gpio.c **** /* Includes ------------------------------------------------------------------*/
 127:Drivers/STM32F0xx_HAL_Driver/Src/stm32f0xx_hal_gpio.c **** #include "stm32f0xx_hal.h"
 128:Drivers/STM32F0xx_HAL_Driver/Src/stm32f0xx_hal_gpio.c **** 
 129:Drivers/STM32F0xx_HAL_Driver/Src/stm32f0xx_hal_gpio.c **** /** @addtogroup STM32F0xx_HAL_Driver
 130:Drivers/STM32F0xx_HAL_Driver/Src/stm32f0xx_hal_gpio.c ****   * @{
 131:Drivers/STM32F0xx_HAL_Driver/Src/stm32f0xx_hal_gpio.c ****   */
 132:Drivers/STM32F0xx_HAL_Driver/Src/stm32f0xx_hal_gpio.c **** 
 133:Drivers/STM32F0xx_HAL_Driver/Src/stm32f0xx_hal_gpio.c **** /** @defgroup GPIO GPIO
 134:Drivers/STM32F0xx_HAL_Driver/Src/stm32f0xx_hal_gpio.c ****   * @brief GPIO HAL module driver
 135:Drivers/STM32F0xx_HAL_Driver/Src/stm32f0xx_hal_gpio.c ****   * @{
 136:Drivers/STM32F0xx_HAL_Driver/Src/stm32f0xx_hal_gpio.c ****   */
 137:Drivers/STM32F0xx_HAL_Driver/Src/stm32f0xx_hal_gpio.c **** 
 138:Drivers/STM32F0xx_HAL_Driver/Src/stm32f0xx_hal_gpio.c **** #ifdef HAL_GPIO_MODULE_ENABLED
 139:Drivers/STM32F0xx_HAL_Driver/Src/stm32f0xx_hal_gpio.c **** 
 140:Drivers/STM32F0xx_HAL_Driver/Src/stm32f0xx_hal_gpio.c **** /* Private typedef -----------------------------------------------------------*/
 141:Drivers/STM32F0xx_HAL_Driver/Src/stm32f0xx_hal_gpio.c **** /* Private defines -----------------------------------------------------------*/
 142:Drivers/STM32F0xx_HAL_Driver/Src/stm32f0xx_hal_gpio.c **** /** @defgroup GPIO_Private_Defines GPIO Private Defines
 143:Drivers/STM32F0xx_HAL_Driver/Src/stm32f0xx_hal_gpio.c ****   * @{
 144:Drivers/STM32F0xx_HAL_Driver/Src/stm32f0xx_hal_gpio.c ****   */
 145:Drivers/STM32F0xx_HAL_Driver/Src/stm32f0xx_hal_gpio.c **** #define GPIO_MODE             (0x00000003U)
 146:Drivers/STM32F0xx_HAL_Driver/Src/stm32f0xx_hal_gpio.c **** #define EXTI_MODE             (0x10000000U)
 147:Drivers/STM32F0xx_HAL_Driver/Src/stm32f0xx_hal_gpio.c **** #define GPIO_MODE_IT          (0x00010000U)
ARM GAS  /tmp/ccDtXyY2.s 			page 4


 148:Drivers/STM32F0xx_HAL_Driver/Src/stm32f0xx_hal_gpio.c **** #define GPIO_MODE_EVT         (0x00020000U)
 149:Drivers/STM32F0xx_HAL_Driver/Src/stm32f0xx_hal_gpio.c **** #define RISING_EDGE           (0x00100000U)
 150:Drivers/STM32F0xx_HAL_Driver/Src/stm32f0xx_hal_gpio.c **** #define FALLING_EDGE          (0x00200000U)
 151:Drivers/STM32F0xx_HAL_Driver/Src/stm32f0xx_hal_gpio.c **** #define GPIO_OUTPUT_TYPE      (0x00000010U)
 152:Drivers/STM32F0xx_HAL_Driver/Src/stm32f0xx_hal_gpio.c **** 
 153:Drivers/STM32F0xx_HAL_Driver/Src/stm32f0xx_hal_gpio.c **** #define GPIO_NUMBER           (16U)
 154:Drivers/STM32F0xx_HAL_Driver/Src/stm32f0xx_hal_gpio.c **** /**
 155:Drivers/STM32F0xx_HAL_Driver/Src/stm32f0xx_hal_gpio.c ****   * @}
 156:Drivers/STM32F0xx_HAL_Driver/Src/stm32f0xx_hal_gpio.c ****   */
 157:Drivers/STM32F0xx_HAL_Driver/Src/stm32f0xx_hal_gpio.c **** 
 158:Drivers/STM32F0xx_HAL_Driver/Src/stm32f0xx_hal_gpio.c **** /* Private macros ------------------------------------------------------------*/
 159:Drivers/STM32F0xx_HAL_Driver/Src/stm32f0xx_hal_gpio.c **** /* Private variables ---------------------------------------------------------*/
 160:Drivers/STM32F0xx_HAL_Driver/Src/stm32f0xx_hal_gpio.c **** /* Private function prototypes -----------------------------------------------*/
 161:Drivers/STM32F0xx_HAL_Driver/Src/stm32f0xx_hal_gpio.c **** /* Exported functions --------------------------------------------------------*/
 162:Drivers/STM32F0xx_HAL_Driver/Src/stm32f0xx_hal_gpio.c **** 
 163:Drivers/STM32F0xx_HAL_Driver/Src/stm32f0xx_hal_gpio.c **** /** @defgroup GPIO_Exported_Functions GPIO Exported Functions
 164:Drivers/STM32F0xx_HAL_Driver/Src/stm32f0xx_hal_gpio.c ****   * @{
 165:Drivers/STM32F0xx_HAL_Driver/Src/stm32f0xx_hal_gpio.c ****   */
 166:Drivers/STM32F0xx_HAL_Driver/Src/stm32f0xx_hal_gpio.c **** 
 167:Drivers/STM32F0xx_HAL_Driver/Src/stm32f0xx_hal_gpio.c **** /** @defgroup GPIO_Exported_Functions_Group1 Initialization/de-initialization functions 
 168:Drivers/STM32F0xx_HAL_Driver/Src/stm32f0xx_hal_gpio.c ****  *  @brief    Initialization and Configuration functions 
 169:Drivers/STM32F0xx_HAL_Driver/Src/stm32f0xx_hal_gpio.c ****  *
 170:Drivers/STM32F0xx_HAL_Driver/Src/stm32f0xx_hal_gpio.c **** @verbatim    
 171:Drivers/STM32F0xx_HAL_Driver/Src/stm32f0xx_hal_gpio.c ****  ===============================================================================
 172:Drivers/STM32F0xx_HAL_Driver/Src/stm32f0xx_hal_gpio.c ****               ##### Initialization and de-initialization functions #####
 173:Drivers/STM32F0xx_HAL_Driver/Src/stm32f0xx_hal_gpio.c ****  ===============================================================================
 174:Drivers/STM32F0xx_HAL_Driver/Src/stm32f0xx_hal_gpio.c ****  
 175:Drivers/STM32F0xx_HAL_Driver/Src/stm32f0xx_hal_gpio.c **** @endverbatim
 176:Drivers/STM32F0xx_HAL_Driver/Src/stm32f0xx_hal_gpio.c ****   * @{
 177:Drivers/STM32F0xx_HAL_Driver/Src/stm32f0xx_hal_gpio.c ****   */
 178:Drivers/STM32F0xx_HAL_Driver/Src/stm32f0xx_hal_gpio.c **** 
 179:Drivers/STM32F0xx_HAL_Driver/Src/stm32f0xx_hal_gpio.c **** /**
 180:Drivers/STM32F0xx_HAL_Driver/Src/stm32f0xx_hal_gpio.c ****   * @brief  Initialize the GPIOx peripheral according to the specified parameters in the GPIO_Init.
 181:Drivers/STM32F0xx_HAL_Driver/Src/stm32f0xx_hal_gpio.c ****   * @param  GPIOx where x can be (A..F) to select the GPIO peripheral for STM32F0 family
 182:Drivers/STM32F0xx_HAL_Driver/Src/stm32f0xx_hal_gpio.c ****   * @param  GPIO_Init pointer to a GPIO_InitTypeDef structure that contains
 183:Drivers/STM32F0xx_HAL_Driver/Src/stm32f0xx_hal_gpio.c ****   *         the configuration information for the specified GPIO peripheral.
 184:Drivers/STM32F0xx_HAL_Driver/Src/stm32f0xx_hal_gpio.c ****   * @retval None
 185:Drivers/STM32F0xx_HAL_Driver/Src/stm32f0xx_hal_gpio.c ****   */
 186:Drivers/STM32F0xx_HAL_Driver/Src/stm32f0xx_hal_gpio.c **** void HAL_GPIO_Init(GPIO_TypeDef  *GPIOx, GPIO_InitTypeDef *GPIO_Init)
 187:Drivers/STM32F0xx_HAL_Driver/Src/stm32f0xx_hal_gpio.c **** { 
  26              		.loc 1 187 0
  27              		.cfi_startproc
  28              		@ args = 0, pretend = 0, frame = 8
  29              		@ frame_needed = 0, uses_anonymous_args = 0
  30              	.LVL0:
  31 0000 F0B5     		push	{r4, r5, r6, r7, lr}
  32              	.LCFI0:
  33              		.cfi_def_cfa_offset 20
  34              		.cfi_offset 4, -20
  35              		.cfi_offset 5, -16
  36              		.cfi_offset 6, -12
  37              		.cfi_offset 7, -8
  38              		.cfi_offset 14, -4
  39 0002 C646     		mov	lr, r8
  40 0004 00B5     		push	{lr}
  41              	.LCFI1:
  42              		.cfi_def_cfa_offset 24
ARM GAS  /tmp/ccDtXyY2.s 			page 5


  43              		.cfi_offset 8, -24
  44 0006 82B0     		sub	sp, sp, #8
  45              	.LCFI2:
  46              		.cfi_def_cfa_offset 32
  47              	.LVL1:
 188:Drivers/STM32F0xx_HAL_Driver/Src/stm32f0xx_hal_gpio.c ****   uint32_t position = 0x00U;
  48              		.loc 1 188 0
  49 0008 0023     		movs	r3, #0
 189:Drivers/STM32F0xx_HAL_Driver/Src/stm32f0xx_hal_gpio.c ****   uint32_t iocurrent = 0x00U;
 190:Drivers/STM32F0xx_HAL_Driver/Src/stm32f0xx_hal_gpio.c ****   uint32_t temp = 0x00U;
 191:Drivers/STM32F0xx_HAL_Driver/Src/stm32f0xx_hal_gpio.c **** 
 192:Drivers/STM32F0xx_HAL_Driver/Src/stm32f0xx_hal_gpio.c ****   /* Check the parameters */
 193:Drivers/STM32F0xx_HAL_Driver/Src/stm32f0xx_hal_gpio.c ****   assert_param(IS_GPIO_ALL_INSTANCE(GPIOx));
 194:Drivers/STM32F0xx_HAL_Driver/Src/stm32f0xx_hal_gpio.c ****   assert_param(IS_GPIO_PIN(GPIO_Init->Pin));
 195:Drivers/STM32F0xx_HAL_Driver/Src/stm32f0xx_hal_gpio.c ****   assert_param(IS_GPIO_MODE(GPIO_Init->Mode));
 196:Drivers/STM32F0xx_HAL_Driver/Src/stm32f0xx_hal_gpio.c ****   assert_param(IS_GPIO_PULL(GPIO_Init->Pull)); 
 197:Drivers/STM32F0xx_HAL_Driver/Src/stm32f0xx_hal_gpio.c **** 
 198:Drivers/STM32F0xx_HAL_Driver/Src/stm32f0xx_hal_gpio.c ****   /* Configure the port pins */
 199:Drivers/STM32F0xx_HAL_Driver/Src/stm32f0xx_hal_gpio.c ****   while (((GPIO_Init->Pin) >> position) != RESET)
  50              		.loc 1 199 0
  51 000a 7EE0     		b	.L2
  52              	.LVL2:
  53              	.L4:
 200:Drivers/STM32F0xx_HAL_Driver/Src/stm32f0xx_hal_gpio.c ****   {
 201:Drivers/STM32F0xx_HAL_Driver/Src/stm32f0xx_hal_gpio.c ****     /* Get current io position */
 202:Drivers/STM32F0xx_HAL_Driver/Src/stm32f0xx_hal_gpio.c ****     iocurrent = (GPIO_Init->Pin) & (1U << position);
 203:Drivers/STM32F0xx_HAL_Driver/Src/stm32f0xx_hal_gpio.c ****     
 204:Drivers/STM32F0xx_HAL_Driver/Src/stm32f0xx_hal_gpio.c ****     if(iocurrent)
 205:Drivers/STM32F0xx_HAL_Driver/Src/stm32f0xx_hal_gpio.c ****     {
 206:Drivers/STM32F0xx_HAL_Driver/Src/stm32f0xx_hal_gpio.c ****       /*--------------------- GPIO Mode Configuration ------------------------*/
 207:Drivers/STM32F0xx_HAL_Driver/Src/stm32f0xx_hal_gpio.c ****       /* In case of Alternate function mode selection */
 208:Drivers/STM32F0xx_HAL_Driver/Src/stm32f0xx_hal_gpio.c ****       if((GPIO_Init->Mode == GPIO_MODE_AF_PP) || (GPIO_Init->Mode == GPIO_MODE_AF_OD)) 
 209:Drivers/STM32F0xx_HAL_Driver/Src/stm32f0xx_hal_gpio.c ****       {
 210:Drivers/STM32F0xx_HAL_Driver/Src/stm32f0xx_hal_gpio.c ****         /* Check the Alternate function parameters */
 211:Drivers/STM32F0xx_HAL_Driver/Src/stm32f0xx_hal_gpio.c ****         assert_param(IS_GPIO_AF_INSTANCE(GPIOx));
 212:Drivers/STM32F0xx_HAL_Driver/Src/stm32f0xx_hal_gpio.c ****         assert_param(IS_GPIO_AF(GPIO_Init->Alternate));
 213:Drivers/STM32F0xx_HAL_Driver/Src/stm32f0xx_hal_gpio.c ****         
 214:Drivers/STM32F0xx_HAL_Driver/Src/stm32f0xx_hal_gpio.c ****         /* Configure Alternate function mapped with the current IO */ 
 215:Drivers/STM32F0xx_HAL_Driver/Src/stm32f0xx_hal_gpio.c ****         temp = GPIOx->AFR[position >> 3];
  54              		.loc 1 215 0
  55 000c DF08     		lsrs	r7, r3, #3
  56 000e 0837     		adds	r7, r7, #8
  57 0010 BF00     		lsls	r7, r7, #2
  58 0012 3E58     		ldr	r6, [r7, r0]
  59              	.LVL3:
 216:Drivers/STM32F0xx_HAL_Driver/Src/stm32f0xx_hal_gpio.c ****         CLEAR_BIT(temp, 0xFU << ((uint32_t)(position & 0x07U) * 4U)) ;      
  60              		.loc 1 216 0
  61 0014 0725     		movs	r5, #7
  62 0016 1D40     		ands	r5, r3
  63 0018 AD00     		lsls	r5, r5, #2
  64 001a 0F24     		movs	r4, #15
  65 001c AC40     		lsls	r4, r4, r5
  66 001e A643     		bics	r6, r4
  67              	.LVL4:
 217:Drivers/STM32F0xx_HAL_Driver/Src/stm32f0xx_hal_gpio.c ****         SET_BIT(temp, (uint32_t)(GPIO_Init->Alternate) << (((uint32_t)position & 0x07U) * 4U));    
  68              		.loc 1 217 0
  69 0020 0C69     		ldr	r4, [r1, #16]
ARM GAS  /tmp/ccDtXyY2.s 			page 6


  70 0022 AC40     		lsls	r4, r4, r5
  71 0024 2500     		movs	r5, r4
  72 0026 3543     		orrs	r5, r6
  73              	.LVL5:
 218:Drivers/STM32F0xx_HAL_Driver/Src/stm32f0xx_hal_gpio.c ****         GPIOx->AFR[position >> 3U] = temp;
  74              		.loc 1 218 0
  75 0028 3D50     		str	r5, [r7, r0]
  76 002a 7EE0     		b	.L5
  77              	.LVL6:
  78              	.L6:
 219:Drivers/STM32F0xx_HAL_Driver/Src/stm32f0xx_hal_gpio.c ****       }
 220:Drivers/STM32F0xx_HAL_Driver/Src/stm32f0xx_hal_gpio.c **** 
 221:Drivers/STM32F0xx_HAL_Driver/Src/stm32f0xx_hal_gpio.c ****       /* Configure IO Direction mode (Input, Output, Alternate or Analog) */
 222:Drivers/STM32F0xx_HAL_Driver/Src/stm32f0xx_hal_gpio.c ****       temp = GPIOx->MODER;
 223:Drivers/STM32F0xx_HAL_Driver/Src/stm32f0xx_hal_gpio.c ****       CLEAR_BIT(temp, GPIO_MODER_MODER0 << (position * 2U));   
 224:Drivers/STM32F0xx_HAL_Driver/Src/stm32f0xx_hal_gpio.c ****       SET_BIT(temp, (GPIO_Init->Mode & GPIO_MODE) << (position * 2U));
 225:Drivers/STM32F0xx_HAL_Driver/Src/stm32f0xx_hal_gpio.c ****       GPIOx->MODER = temp;
 226:Drivers/STM32F0xx_HAL_Driver/Src/stm32f0xx_hal_gpio.c **** 
 227:Drivers/STM32F0xx_HAL_Driver/Src/stm32f0xx_hal_gpio.c ****       /* In case of Output or Alternate function mode selection */
 228:Drivers/STM32F0xx_HAL_Driver/Src/stm32f0xx_hal_gpio.c ****       if ((GPIO_Init->Mode == GPIO_MODE_OUTPUT_PP) || (GPIO_Init->Mode == GPIO_MODE_AF_PP) ||
 229:Drivers/STM32F0xx_HAL_Driver/Src/stm32f0xx_hal_gpio.c ****           (GPIO_Init->Mode == GPIO_MODE_OUTPUT_OD) || (GPIO_Init->Mode == GPIO_MODE_AF_OD))
 230:Drivers/STM32F0xx_HAL_Driver/Src/stm32f0xx_hal_gpio.c ****       {
 231:Drivers/STM32F0xx_HAL_Driver/Src/stm32f0xx_hal_gpio.c ****         /* Check the Speed parameter */
 232:Drivers/STM32F0xx_HAL_Driver/Src/stm32f0xx_hal_gpio.c ****         assert_param(IS_GPIO_SPEED(GPIO_Init->Speed));
 233:Drivers/STM32F0xx_HAL_Driver/Src/stm32f0xx_hal_gpio.c ****         /* Configure the IO Speed */
 234:Drivers/STM32F0xx_HAL_Driver/Src/stm32f0xx_hal_gpio.c ****         temp = GPIOx->OSPEEDR; 
  79              		.loc 1 234 0
  80 002c 8568     		ldr	r5, [r0, #8]
  81              	.LVL7:
 235:Drivers/STM32F0xx_HAL_Driver/Src/stm32f0xx_hal_gpio.c ****         CLEAR_BIT(temp, GPIO_OSPEEDER_OSPEEDR0 << (position * 2U));
  82              		.loc 1 235 0
  83 002e 6446     		mov	r4, ip
  84 0030 2540     		ands	r5, r4
  85              	.LVL8:
 236:Drivers/STM32F0xx_HAL_Driver/Src/stm32f0xx_hal_gpio.c ****         SET_BIT(temp, GPIO_Init->Speed << (position * 2U));
  86              		.loc 1 236 0
  87 0032 CE68     		ldr	r6, [r1, #12]
  88 0034 BE40     		lsls	r6, r6, r7
  89 0036 3543     		orrs	r5, r6
  90              	.LVL9:
 237:Drivers/STM32F0xx_HAL_Driver/Src/stm32f0xx_hal_gpio.c ****         GPIOx->OSPEEDR = temp;
  91              		.loc 1 237 0
  92 0038 8560     		str	r5, [r0, #8]
 238:Drivers/STM32F0xx_HAL_Driver/Src/stm32f0xx_hal_gpio.c **** 
 239:Drivers/STM32F0xx_HAL_Driver/Src/stm32f0xx_hal_gpio.c ****         /* Configure the IO Output Type */
 240:Drivers/STM32F0xx_HAL_Driver/Src/stm32f0xx_hal_gpio.c ****         temp = GPIOx->OTYPER;
  93              		.loc 1 240 0
  94 003a 4568     		ldr	r5, [r0, #4]
  95              	.LVL10:
 241:Drivers/STM32F0xx_HAL_Driver/Src/stm32f0xx_hal_gpio.c ****         CLEAR_BIT(temp, GPIO_OTYPER_OT_0 << position) ;
  96              		.loc 1 241 0
  97 003c 2C00     		movs	r4, r5
  98 003e 4546     		mov	r5, r8
  99              	.LVL11:
 100 0040 AC43     		bics	r4, r5
 101              	.LVL12:
 242:Drivers/STM32F0xx_HAL_Driver/Src/stm32f0xx_hal_gpio.c ****         SET_BIT(temp, ((GPIO_Init->Mode & GPIO_OUTPUT_TYPE) >> 4U) << position);
ARM GAS  /tmp/ccDtXyY2.s 			page 7


 102              		.loc 1 242 0
 103 0042 4D68     		ldr	r5, [r1, #4]
 104 0044 2E09     		lsrs	r6, r5, #4
 105 0046 0125     		movs	r5, #1
 106 0048 3540     		ands	r5, r6
 107 004a 9D40     		lsls	r5, r5, r3
 108 004c 2C43     		orrs	r4, r5
 109              	.LVL13:
 243:Drivers/STM32F0xx_HAL_Driver/Src/stm32f0xx_hal_gpio.c ****         GPIOx->OTYPER = temp;
 110              		.loc 1 243 0
 111 004e 4460     		str	r4, [r0, #4]
 112              	.LVL14:
 113              	.L7:
 244:Drivers/STM32F0xx_HAL_Driver/Src/stm32f0xx_hal_gpio.c ****       }
 245:Drivers/STM32F0xx_HAL_Driver/Src/stm32f0xx_hal_gpio.c **** 
 246:Drivers/STM32F0xx_HAL_Driver/Src/stm32f0xx_hal_gpio.c ****       /* Activate the Pull-up or Pull down resistor for the current IO */
 247:Drivers/STM32F0xx_HAL_Driver/Src/stm32f0xx_hal_gpio.c ****       temp = GPIOx->PUPDR;
 114              		.loc 1 247 0
 115 0050 C468     		ldr	r4, [r0, #12]
 116              	.LVL15:
 248:Drivers/STM32F0xx_HAL_Driver/Src/stm32f0xx_hal_gpio.c ****       CLEAR_BIT(temp, GPIO_PUPDR_PUPDR0 << (position * 2U));
 117              		.loc 1 248 0
 118 0052 6546     		mov	r5, ip
 119 0054 2C40     		ands	r4, r5
 120              	.LVL16:
 249:Drivers/STM32F0xx_HAL_Driver/Src/stm32f0xx_hal_gpio.c ****       SET_BIT(temp, (GPIO_Init->Pull) << (position * 2U));
 121              		.loc 1 249 0
 122 0056 8D68     		ldr	r5, [r1, #8]
 123 0058 BD40     		lsls	r5, r5, r7
 124 005a 2C43     		orrs	r4, r5
 125              	.LVL17:
 250:Drivers/STM32F0xx_HAL_Driver/Src/stm32f0xx_hal_gpio.c ****       GPIOx->PUPDR = temp;
 126              		.loc 1 250 0
 127 005c C460     		str	r4, [r0, #12]
 251:Drivers/STM32F0xx_HAL_Driver/Src/stm32f0xx_hal_gpio.c **** 
 252:Drivers/STM32F0xx_HAL_Driver/Src/stm32f0xx_hal_gpio.c ****       /*--------------------- EXTI Mode Configuration ------------------------*/
 253:Drivers/STM32F0xx_HAL_Driver/Src/stm32f0xx_hal_gpio.c ****       /* Configure the External Interrupt or event for the current IO */
 254:Drivers/STM32F0xx_HAL_Driver/Src/stm32f0xx_hal_gpio.c ****       if((GPIO_Init->Mode & EXTI_MODE) == EXTI_MODE) 
 128              		.loc 1 254 0
 129 005e 4C68     		ldr	r4, [r1, #4]
 130              	.LVL18:
 131 0060 E400     		lsls	r4, r4, #3
 132 0062 51D5     		bpl	.L3
 133              	.LBB2:
 255:Drivers/STM32F0xx_HAL_Driver/Src/stm32f0xx_hal_gpio.c ****       {
 256:Drivers/STM32F0xx_HAL_Driver/Src/stm32f0xx_hal_gpio.c ****         /* Enable SYSCFG Clock */
 257:Drivers/STM32F0xx_HAL_Driver/Src/stm32f0xx_hal_gpio.c ****         __HAL_RCC_SYSCFG_CLK_ENABLE();
 134              		.loc 1 257 0
 135 0064 434D     		ldr	r5, .L20
 136 0066 AE69     		ldr	r6, [r5, #24]
 137 0068 0124     		movs	r4, #1
 138 006a 2643     		orrs	r6, r4
 139 006c AE61     		str	r6, [r5, #24]
 140              	.LVL19:
 141 006e AD69     		ldr	r5, [r5, #24]
 142 0070 2C40     		ands	r4, r5
 143 0072 0194     		str	r4, [sp, #4]
ARM GAS  /tmp/ccDtXyY2.s 			page 8


 144 0074 019C     		ldr	r4, [sp, #4]
 145              	.LBE2:
 258:Drivers/STM32F0xx_HAL_Driver/Src/stm32f0xx_hal_gpio.c ****   
 259:Drivers/STM32F0xx_HAL_Driver/Src/stm32f0xx_hal_gpio.c ****         temp = SYSCFG->EXTICR[position >> 2];
 146              		.loc 1 259 0
 147 0076 9C08     		lsrs	r4, r3, #2
 148 0078 A51C     		adds	r5, r4, #2
 149 007a AD00     		lsls	r5, r5, #2
 150 007c 3E4E     		ldr	r6, .L20+4
 151 007e AE59     		ldr	r6, [r5, r6]
 152              	.LVL20:
 260:Drivers/STM32F0xx_HAL_Driver/Src/stm32f0xx_hal_gpio.c ****         CLEAR_BIT(temp, (0x0FU) << (4U * (position & 0x03U)));
 153              		.loc 1 260 0
 154 0080 0325     		movs	r5, #3
 155 0082 1D40     		ands	r5, r3
 156 0084 AD00     		lsls	r5, r5, #2
 157 0086 0F27     		movs	r7, #15
 158 0088 AF40     		lsls	r7, r7, r5
 159 008a BE43     		bics	r6, r7
 160              	.LVL21:
 261:Drivers/STM32F0xx_HAL_Driver/Src/stm32f0xx_hal_gpio.c ****         SET_BIT(temp, (GPIO_GET_INDEX(GPIOx)) << (4U * (position & 0x03U)));
 161              		.loc 1 261 0
 162 008c 9027     		movs	r7, #144
 163 008e FF05     		lsls	r7, r7, #23
 164 0090 B842     		cmp	r0, r7
 165 0092 65D0     		beq	.L14
 166              		.loc 1 261 0 is_stmt 0 discriminator 1
 167 0094 394F     		ldr	r7, .L20+8
 168 0096 B842     		cmp	r0, r7
 169 0098 64D0     		beq	.L15
 170              		.loc 1 261 0 discriminator 3
 171 009a 394F     		ldr	r7, .L20+12
 172 009c B842     		cmp	r0, r7
 173 009e 63D0     		beq	.L16
 174              		.loc 1 261 0 discriminator 5
 175 00a0 384F     		ldr	r7, .L20+16
 176 00a2 B842     		cmp	r0, r7
 177 00a4 5AD0     		beq	.L18
 178              		.loc 1 261 0
 179 00a6 0527     		movs	r7, #5
 180              	.L8:
 181              		.loc 1 261 0 discriminator 16
 182 00a8 AF40     		lsls	r7, r7, r5
 183 00aa 3D00     		movs	r5, r7
 184 00ac 3543     		orrs	r5, r6
 185              	.LVL22:
 262:Drivers/STM32F0xx_HAL_Driver/Src/stm32f0xx_hal_gpio.c ****         SYSCFG->EXTICR[position >> 2] = temp;
 186              		.loc 1 262 0 is_stmt 1 discriminator 16
 187 00ae 0234     		adds	r4, r4, #2
 188 00b0 A400     		lsls	r4, r4, #2
 189 00b2 314E     		ldr	r6, .L20+4
 190 00b4 A551     		str	r5, [r4, r6]
 263:Drivers/STM32F0xx_HAL_Driver/Src/stm32f0xx_hal_gpio.c ****                   
 264:Drivers/STM32F0xx_HAL_Driver/Src/stm32f0xx_hal_gpio.c ****         /* Clear EXTI line configuration */
 265:Drivers/STM32F0xx_HAL_Driver/Src/stm32f0xx_hal_gpio.c ****         temp = EXTI->IMR;
 191              		.loc 1 265 0 discriminator 16
 192 00b6 344C     		ldr	r4, .L20+20
ARM GAS  /tmp/ccDtXyY2.s 			page 9


 193 00b8 2568     		ldr	r5, [r4]
 194              	.LVL23:
 266:Drivers/STM32F0xx_HAL_Driver/Src/stm32f0xx_hal_gpio.c ****         CLEAR_BIT(temp, (uint32_t)iocurrent);
 195              		.loc 1 266 0 discriminator 16
 196 00ba D443     		mvns	r4, r2
 197 00bc 2600     		movs	r6, r4
 198 00be 2E40     		ands	r6, r5
 199              	.LVL24:
 267:Drivers/STM32F0xx_HAL_Driver/Src/stm32f0xx_hal_gpio.c ****         if((GPIO_Init->Mode & GPIO_MODE_IT) == GPIO_MODE_IT)
 200              		.loc 1 267 0 discriminator 16
 201 00c0 4F68     		ldr	r7, [r1, #4]
 202 00c2 FF03     		lsls	r7, r7, #15
 203 00c4 01D5     		bpl	.L9
 268:Drivers/STM32F0xx_HAL_Driver/Src/stm32f0xx_hal_gpio.c ****         {
 269:Drivers/STM32F0xx_HAL_Driver/Src/stm32f0xx_hal_gpio.c ****           SET_BIT(temp, iocurrent); 
 204              		.loc 1 269 0
 205 00c6 1543     		orrs	r5, r2
 206 00c8 2E00     		movs	r6, r5
 207              	.LVL25:
 208              	.L9:
 270:Drivers/STM32F0xx_HAL_Driver/Src/stm32f0xx_hal_gpio.c ****         }
 271:Drivers/STM32F0xx_HAL_Driver/Src/stm32f0xx_hal_gpio.c ****         EXTI->IMR = temp;
 209              		.loc 1 271 0
 210 00ca 2F4D     		ldr	r5, .L20+20
 211 00cc 2E60     		str	r6, [r5]
 272:Drivers/STM32F0xx_HAL_Driver/Src/stm32f0xx_hal_gpio.c **** 
 273:Drivers/STM32F0xx_HAL_Driver/Src/stm32f0xx_hal_gpio.c ****         temp = EXTI->EMR;
 212              		.loc 1 273 0
 213 00ce 6D68     		ldr	r5, [r5, #4]
 214              	.LVL26:
 274:Drivers/STM32F0xx_HAL_Driver/Src/stm32f0xx_hal_gpio.c ****         CLEAR_BIT(temp, (uint32_t)iocurrent);      
 215              		.loc 1 274 0
 216 00d0 2E00     		movs	r6, r5
 217 00d2 2640     		ands	r6, r4
 218              	.LVL27:
 275:Drivers/STM32F0xx_HAL_Driver/Src/stm32f0xx_hal_gpio.c ****         if((GPIO_Init->Mode & GPIO_MODE_EVT) == GPIO_MODE_EVT)
 219              		.loc 1 275 0
 220 00d4 4F68     		ldr	r7, [r1, #4]
 221 00d6 BF03     		lsls	r7, r7, #14
 222 00d8 01D5     		bpl	.L10
 276:Drivers/STM32F0xx_HAL_Driver/Src/stm32f0xx_hal_gpio.c ****         { 
 277:Drivers/STM32F0xx_HAL_Driver/Src/stm32f0xx_hal_gpio.c ****           SET_BIT(temp, iocurrent); 
 223              		.loc 1 277 0
 224 00da 1543     		orrs	r5, r2
 225 00dc 2E00     		movs	r6, r5
 226              	.LVL28:
 227              	.L10:
 278:Drivers/STM32F0xx_HAL_Driver/Src/stm32f0xx_hal_gpio.c ****         }
 279:Drivers/STM32F0xx_HAL_Driver/Src/stm32f0xx_hal_gpio.c ****         EXTI->EMR = temp;
 228              		.loc 1 279 0
 229 00de 2A4D     		ldr	r5, .L20+20
 230 00e0 6E60     		str	r6, [r5, #4]
 280:Drivers/STM32F0xx_HAL_Driver/Src/stm32f0xx_hal_gpio.c ****   
 281:Drivers/STM32F0xx_HAL_Driver/Src/stm32f0xx_hal_gpio.c ****         /* Clear Rising Falling edge configuration */
 282:Drivers/STM32F0xx_HAL_Driver/Src/stm32f0xx_hal_gpio.c ****         temp = EXTI->RTSR;
 231              		.loc 1 282 0
 232 00e2 AD68     		ldr	r5, [r5, #8]
ARM GAS  /tmp/ccDtXyY2.s 			page 10


 233              	.LVL29:
 283:Drivers/STM32F0xx_HAL_Driver/Src/stm32f0xx_hal_gpio.c ****         CLEAR_BIT(temp, (uint32_t)iocurrent); 
 234              		.loc 1 283 0
 235 00e4 2E00     		movs	r6, r5
 236 00e6 2640     		ands	r6, r4
 237              	.LVL30:
 284:Drivers/STM32F0xx_HAL_Driver/Src/stm32f0xx_hal_gpio.c ****         if((GPIO_Init->Mode & RISING_EDGE) == RISING_EDGE)
 238              		.loc 1 284 0
 239 00e8 4F68     		ldr	r7, [r1, #4]
 240 00ea FF02     		lsls	r7, r7, #11
 241 00ec 01D5     		bpl	.L11
 285:Drivers/STM32F0xx_HAL_Driver/Src/stm32f0xx_hal_gpio.c ****         {
 286:Drivers/STM32F0xx_HAL_Driver/Src/stm32f0xx_hal_gpio.c ****           SET_BIT(temp, iocurrent); 
 242              		.loc 1 286 0
 243 00ee 1543     		orrs	r5, r2
 244 00f0 2E00     		movs	r6, r5
 245              	.LVL31:
 246              	.L11:
 287:Drivers/STM32F0xx_HAL_Driver/Src/stm32f0xx_hal_gpio.c ****         }
 288:Drivers/STM32F0xx_HAL_Driver/Src/stm32f0xx_hal_gpio.c ****         EXTI->RTSR = temp;
 247              		.loc 1 288 0
 248 00f2 254D     		ldr	r5, .L20+20
 249 00f4 AE60     		str	r6, [r5, #8]
 289:Drivers/STM32F0xx_HAL_Driver/Src/stm32f0xx_hal_gpio.c **** 
 290:Drivers/STM32F0xx_HAL_Driver/Src/stm32f0xx_hal_gpio.c ****         temp = EXTI->FTSR;
 250              		.loc 1 290 0
 251 00f6 ED68     		ldr	r5, [r5, #12]
 252              	.LVL32:
 291:Drivers/STM32F0xx_HAL_Driver/Src/stm32f0xx_hal_gpio.c ****         CLEAR_BIT(temp, (uint32_t)iocurrent); 
 253              		.loc 1 291 0
 254 00f8 2C40     		ands	r4, r5
 255              	.LVL33:
 292:Drivers/STM32F0xx_HAL_Driver/Src/stm32f0xx_hal_gpio.c ****         if((GPIO_Init->Mode & FALLING_EDGE) == FALLING_EDGE)
 256              		.loc 1 292 0
 257 00fa 4E68     		ldr	r6, [r1, #4]
 258 00fc B602     		lsls	r6, r6, #10
 259 00fe 01D5     		bpl	.L12
 293:Drivers/STM32F0xx_HAL_Driver/Src/stm32f0xx_hal_gpio.c ****         {
 294:Drivers/STM32F0xx_HAL_Driver/Src/stm32f0xx_hal_gpio.c ****           SET_BIT(temp, iocurrent); 
 260              		.loc 1 294 0
 261 0100 2A43     		orrs	r2, r5
 262              	.LVL34:
 263 0102 1400     		movs	r4, r2
 264              	.LVL35:
 265              	.L12:
 295:Drivers/STM32F0xx_HAL_Driver/Src/stm32f0xx_hal_gpio.c ****         }
 296:Drivers/STM32F0xx_HAL_Driver/Src/stm32f0xx_hal_gpio.c ****         EXTI->FTSR = temp;
 266              		.loc 1 296 0
 267 0104 204A     		ldr	r2, .L20+20
 268 0106 D460     		str	r4, [r2, #12]
 269              	.LVL36:
 270              	.L3:
 297:Drivers/STM32F0xx_HAL_Driver/Src/stm32f0xx_hal_gpio.c ****       }
 298:Drivers/STM32F0xx_HAL_Driver/Src/stm32f0xx_hal_gpio.c ****     }
 299:Drivers/STM32F0xx_HAL_Driver/Src/stm32f0xx_hal_gpio.c ****     
 300:Drivers/STM32F0xx_HAL_Driver/Src/stm32f0xx_hal_gpio.c ****     position++;
 271              		.loc 1 300 0
ARM GAS  /tmp/ccDtXyY2.s 			page 11


 272 0108 0133     		adds	r3, r3, #1
 273              	.LVL37:
 274              	.L2:
 199:Drivers/STM32F0xx_HAL_Driver/Src/stm32f0xx_hal_gpio.c ****   {
 275              		.loc 1 199 0
 276 010a 0A68     		ldr	r2, [r1]
 277 010c 1400     		movs	r4, r2
 278 010e DC40     		lsrs	r4, r4, r3
 279 0110 2CD0     		beq	.L19
 202:Drivers/STM32F0xx_HAL_Driver/Src/stm32f0xx_hal_gpio.c ****     
 280              		.loc 1 202 0
 281 0112 0124     		movs	r4, #1
 282 0114 9C40     		lsls	r4, r4, r3
 283 0116 A046     		mov	r8, r4
 284 0118 2240     		ands	r2, r4
 285              	.LVL38:
 204:Drivers/STM32F0xx_HAL_Driver/Src/stm32f0xx_hal_gpio.c ****     {
 286              		.loc 1 204 0
 287 011a F5D0     		beq	.L3
 208:Drivers/STM32F0xx_HAL_Driver/Src/stm32f0xx_hal_gpio.c ****       {
 288              		.loc 1 208 0
 289 011c 4D68     		ldr	r5, [r1, #4]
 290 011e 022D     		cmp	r5, #2
 291 0120 00D1     		bne	.LCB302
 292 0122 73E7     		b	.L4	@long jump
 293              	.LCB302:
 208:Drivers/STM32F0xx_HAL_Driver/Src/stm32f0xx_hal_gpio.c ****       {
 294              		.loc 1 208 0 is_stmt 0 discriminator 1
 295 0124 122D     		cmp	r5, #18
 296 0126 00D1     		bne	.LCB304
 297 0128 70E7     		b	.L4	@long jump
 298              	.LCB304:
 299              	.L5:
 222:Drivers/STM32F0xx_HAL_Driver/Src/stm32f0xx_hal_gpio.c ****       CLEAR_BIT(temp, GPIO_MODER_MODER0 << (position * 2U));   
 300              		.loc 1 222 0 is_stmt 1
 301 012a 0668     		ldr	r6, [r0]
 302              	.LVL39:
 223:Drivers/STM32F0xx_HAL_Driver/Src/stm32f0xx_hal_gpio.c ****       SET_BIT(temp, (GPIO_Init->Mode & GPIO_MODE) << (position * 2U));
 303              		.loc 1 223 0
 304 012c 5F00     		lsls	r7, r3, #1
 305 012e 0325     		movs	r5, #3
 306 0130 2C00     		movs	r4, r5
 307 0132 BC40     		lsls	r4, r4, r7
 308 0134 E443     		mvns	r4, r4
 309 0136 A446     		mov	ip, r4
 310 0138 2640     		ands	r6, r4
 311              	.LVL40:
 224:Drivers/STM32F0xx_HAL_Driver/Src/stm32f0xx_hal_gpio.c ****       GPIOx->MODER = temp;
 312              		.loc 1 224 0
 313 013a 4C68     		ldr	r4, [r1, #4]
 314 013c 2540     		ands	r5, r4
 315 013e BD40     		lsls	r5, r5, r7
 316 0140 3543     		orrs	r5, r6
 317              	.LVL41:
 225:Drivers/STM32F0xx_HAL_Driver/Src/stm32f0xx_hal_gpio.c **** 
 318              		.loc 1 225 0
 319 0142 0560     		str	r5, [r0]
ARM GAS  /tmp/ccDtXyY2.s 			page 12


 228:Drivers/STM32F0xx_HAL_Driver/Src/stm32f0xx_hal_gpio.c ****           (GPIO_Init->Mode == GPIO_MODE_OUTPUT_OD) || (GPIO_Init->Mode == GPIO_MODE_AF_OD))
 320              		.loc 1 228 0
 321 0144 4D68     		ldr	r5, [r1, #4]
 322              	.LVL42:
 323 0146 6E1E     		subs	r6, r5, #1
 324 0148 012E     		cmp	r6, #1
 325 014a 00D8     		bhi	.LCB328
 326 014c 6EE7     		b	.L6	@long jump
 327              	.LCB328:
 228:Drivers/STM32F0xx_HAL_Driver/Src/stm32f0xx_hal_gpio.c ****           (GPIO_Init->Mode == GPIO_MODE_OUTPUT_OD) || (GPIO_Init->Mode == GPIO_MODE_AF_OD))
 328              		.loc 1 228 0 is_stmt 0 discriminator 1
 329 014e 112D     		cmp	r5, #17
 330 0150 00D1     		bne	.LCB330
 331 0152 6BE7     		b	.L6	@long jump
 332              	.LCB330:
 229:Drivers/STM32F0xx_HAL_Driver/Src/stm32f0xx_hal_gpio.c ****       {
 333              		.loc 1 229 0 is_stmt 1
 334 0154 122D     		cmp	r5, #18
 335 0156 00D0     		beq	.LCB332
 336 0158 7AE7     		b	.L7	@long jump
 337              	.LCB332:
 338 015a 67E7     		b	.L6
 339              	.LVL43:
 340              	.L18:
 261:Drivers/STM32F0xx_HAL_Driver/Src/stm32f0xx_hal_gpio.c ****         SYSCFG->EXTICR[position >> 2] = temp;
 341              		.loc 1 261 0
 342 015c 0327     		movs	r7, #3
 343 015e A3E7     		b	.L8
 344              	.L14:
 345 0160 0027     		movs	r7, #0
 346 0162 A1E7     		b	.L8
 347              	.L15:
 348 0164 0127     		movs	r7, #1
 349 0166 9FE7     		b	.L8
 350              	.L16:
 351 0168 0227     		movs	r7, #2
 352 016a 9DE7     		b	.L8
 353              	.LVL44:
 354              	.L19:
 301:Drivers/STM32F0xx_HAL_Driver/Src/stm32f0xx_hal_gpio.c ****   } 
 302:Drivers/STM32F0xx_HAL_Driver/Src/stm32f0xx_hal_gpio.c **** }
 355              		.loc 1 302 0
 356 016c 02B0     		add	sp, sp, #8
 357              		@ sp needed
 358 016e 04BC     		pop	{r2}
 359 0170 9046     		mov	r8, r2
 360 0172 F0BD     		pop	{r4, r5, r6, r7, pc}
 361              	.L21:
 362              		.align	2
 363              	.L20:
 364 0174 00100240 		.word	1073876992
 365 0178 00000140 		.word	1073807360
 366 017c 00040048 		.word	1207960576
 367 0180 00080048 		.word	1207961600
 368 0184 000C0048 		.word	1207962624
 369 0188 00040140 		.word	1073808384
 370              		.cfi_endproc
ARM GAS  /tmp/ccDtXyY2.s 			page 13


 371              	.LFE35:
 373              		.section	.text.HAL_GPIO_DeInit,"ax",%progbits
 374              		.align	1
 375              		.global	HAL_GPIO_DeInit
 376              		.syntax unified
 377              		.code	16
 378              		.thumb_func
 379              		.fpu softvfp
 381              	HAL_GPIO_DeInit:
 382              	.LFB36:
 303:Drivers/STM32F0xx_HAL_Driver/Src/stm32f0xx_hal_gpio.c **** 
 304:Drivers/STM32F0xx_HAL_Driver/Src/stm32f0xx_hal_gpio.c **** /**
 305:Drivers/STM32F0xx_HAL_Driver/Src/stm32f0xx_hal_gpio.c ****   * @brief  De-initialize the GPIOx peripheral registers to their default reset values.
 306:Drivers/STM32F0xx_HAL_Driver/Src/stm32f0xx_hal_gpio.c ****   * @param  GPIOx where x can be (A..F) to select the GPIO peripheral for STM32F0 family
 307:Drivers/STM32F0xx_HAL_Driver/Src/stm32f0xx_hal_gpio.c ****   * @param  GPIO_Pin specifies the port bit to be written.
 308:Drivers/STM32F0xx_HAL_Driver/Src/stm32f0xx_hal_gpio.c ****   *         This parameter can be one of GPIO_PIN_x where x can be (0..15).
 309:Drivers/STM32F0xx_HAL_Driver/Src/stm32f0xx_hal_gpio.c ****   * @retval None
 310:Drivers/STM32F0xx_HAL_Driver/Src/stm32f0xx_hal_gpio.c ****   */
 311:Drivers/STM32F0xx_HAL_Driver/Src/stm32f0xx_hal_gpio.c **** void HAL_GPIO_DeInit(GPIO_TypeDef  *GPIOx, uint32_t GPIO_Pin)
 312:Drivers/STM32F0xx_HAL_Driver/Src/stm32f0xx_hal_gpio.c **** {
 383              		.loc 1 312 0
 384              		.cfi_startproc
 385              		@ args = 0, pretend = 0, frame = 0
 386              		@ frame_needed = 0, uses_anonymous_args = 0
 387              	.LVL45:
 388 0000 F0B5     		push	{r4, r5, r6, r7, lr}
 389              	.LCFI3:
 390              		.cfi_def_cfa_offset 20
 391              		.cfi_offset 4, -20
 392              		.cfi_offset 5, -16
 393              		.cfi_offset 6, -12
 394              		.cfi_offset 7, -8
 395              		.cfi_offset 14, -4
 396 0002 D646     		mov	lr, r10
 397 0004 4F46     		mov	r7, r9
 398 0006 4646     		mov	r6, r8
 399 0008 C0B5     		push	{r6, r7, lr}
 400              	.LCFI4:
 401              		.cfi_def_cfa_offset 32
 402              		.cfi_offset 8, -32
 403              		.cfi_offset 9, -28
 404              		.cfi_offset 10, -24
 405              	.LVL46:
 313:Drivers/STM32F0xx_HAL_Driver/Src/stm32f0xx_hal_gpio.c ****   uint32_t position = 0x00U;
 406              		.loc 1 313 0
 407 000a 0023     		movs	r3, #0
 314:Drivers/STM32F0xx_HAL_Driver/Src/stm32f0xx_hal_gpio.c ****   uint32_t iocurrent = 0x00U;
 315:Drivers/STM32F0xx_HAL_Driver/Src/stm32f0xx_hal_gpio.c ****   uint32_t tmp = 0x00U;
 316:Drivers/STM32F0xx_HAL_Driver/Src/stm32f0xx_hal_gpio.c **** 
 317:Drivers/STM32F0xx_HAL_Driver/Src/stm32f0xx_hal_gpio.c ****   /* Check the parameters */
 318:Drivers/STM32F0xx_HAL_Driver/Src/stm32f0xx_hal_gpio.c ****   assert_param(IS_GPIO_ALL_INSTANCE(GPIOx));
 319:Drivers/STM32F0xx_HAL_Driver/Src/stm32f0xx_hal_gpio.c ****   assert_param(IS_GPIO_PIN(GPIO_Pin));
 320:Drivers/STM32F0xx_HAL_Driver/Src/stm32f0xx_hal_gpio.c **** 
 321:Drivers/STM32F0xx_HAL_Driver/Src/stm32f0xx_hal_gpio.c ****   /* Configure the port pins */
 322:Drivers/STM32F0xx_HAL_Driver/Src/stm32f0xx_hal_gpio.c ****   while ((GPIO_Pin >> position) != RESET)
 408              		.loc 1 322 0
 409 000c 06E0     		b	.L23
ARM GAS  /tmp/ccDtXyY2.s 			page 14


 410              	.LVL47:
 411              	.L33:
 323:Drivers/STM32F0xx_HAL_Driver/Src/stm32f0xx_hal_gpio.c ****   {
 324:Drivers/STM32F0xx_HAL_Driver/Src/stm32f0xx_hal_gpio.c ****     /* Get current io position */
 325:Drivers/STM32F0xx_HAL_Driver/Src/stm32f0xx_hal_gpio.c ****     iocurrent = GPIO_Pin & (1U << position);
 326:Drivers/STM32F0xx_HAL_Driver/Src/stm32f0xx_hal_gpio.c **** 
 327:Drivers/STM32F0xx_HAL_Driver/Src/stm32f0xx_hal_gpio.c ****     if (iocurrent)
 328:Drivers/STM32F0xx_HAL_Driver/Src/stm32f0xx_hal_gpio.c ****     {
 329:Drivers/STM32F0xx_HAL_Driver/Src/stm32f0xx_hal_gpio.c ****       /*------------------------- GPIO Mode Configuration --------------------*/
 330:Drivers/STM32F0xx_HAL_Driver/Src/stm32f0xx_hal_gpio.c ****       /* Configure IO Direction in Input Floting Mode */
 331:Drivers/STM32F0xx_HAL_Driver/Src/stm32f0xx_hal_gpio.c ****       CLEAR_BIT(GPIOx->MODER, GPIO_MODER_MODER0 << (position * 2U)); 
 332:Drivers/STM32F0xx_HAL_Driver/Src/stm32f0xx_hal_gpio.c ****   
 333:Drivers/STM32F0xx_HAL_Driver/Src/stm32f0xx_hal_gpio.c ****       /* Configure the default Alternate Function in current IO */ 
 334:Drivers/STM32F0xx_HAL_Driver/Src/stm32f0xx_hal_gpio.c ****       CLEAR_BIT(GPIOx->AFR[position >> 3U], 0xFU << ((uint32_t)(position & 0x07U) * 4U)) ;
 335:Drivers/STM32F0xx_HAL_Driver/Src/stm32f0xx_hal_gpio.c ****   
 336:Drivers/STM32F0xx_HAL_Driver/Src/stm32f0xx_hal_gpio.c ****       /* Configure the default value for IO Speed */
 337:Drivers/STM32F0xx_HAL_Driver/Src/stm32f0xx_hal_gpio.c ****       CLEAR_BIT(GPIOx->OSPEEDR, GPIO_OSPEEDER_OSPEEDR0 << (position * 2U));
 338:Drivers/STM32F0xx_HAL_Driver/Src/stm32f0xx_hal_gpio.c ****                   
 339:Drivers/STM32F0xx_HAL_Driver/Src/stm32f0xx_hal_gpio.c ****       /* Configure the default value IO Output Type */
 340:Drivers/STM32F0xx_HAL_Driver/Src/stm32f0xx_hal_gpio.c ****       CLEAR_BIT(GPIOx->OTYPER, GPIO_OTYPER_OT_0 << position) ;
 341:Drivers/STM32F0xx_HAL_Driver/Src/stm32f0xx_hal_gpio.c ****   
 342:Drivers/STM32F0xx_HAL_Driver/Src/stm32f0xx_hal_gpio.c ****       /* Deactivate the Pull-up oand Pull-down resistor for the current IO */
 343:Drivers/STM32F0xx_HAL_Driver/Src/stm32f0xx_hal_gpio.c ****       CLEAR_BIT(GPIOx->PUPDR, GPIO_PUPDR_PUPDR0 << (position * 2U));
 344:Drivers/STM32F0xx_HAL_Driver/Src/stm32f0xx_hal_gpio.c **** 
 345:Drivers/STM32F0xx_HAL_Driver/Src/stm32f0xx_hal_gpio.c ****       /*------------------------- EXTI Mode Configuration --------------------*/
 346:Drivers/STM32F0xx_HAL_Driver/Src/stm32f0xx_hal_gpio.c ****       /* Clear the External Interrupt or Event for the current IO */
 347:Drivers/STM32F0xx_HAL_Driver/Src/stm32f0xx_hal_gpio.c ****       
 348:Drivers/STM32F0xx_HAL_Driver/Src/stm32f0xx_hal_gpio.c ****       tmp = SYSCFG->EXTICR[position >> 2U];
 349:Drivers/STM32F0xx_HAL_Driver/Src/stm32f0xx_hal_gpio.c ****       tmp &= ((0x0FU) << (4U * (position & 0x03U)));
 350:Drivers/STM32F0xx_HAL_Driver/Src/stm32f0xx_hal_gpio.c ****       if(tmp == (GPIO_GET_INDEX(GPIOx) << (4U * (position & 0x03U))))
 412              		.loc 1 350 0
 413 000e 0326     		movs	r6, #3
 414 0010 00E0     		b	.L25
 415              	.L27:
 416 0012 0026     		movs	r6, #0
 417              	.L25:
 418              		.loc 1 350 0 is_stmt 0 discriminator 16
 419 0014 9640     		lsls	r6, r6, r2
 420 0016 B442     		cmp	r4, r6
 421 0018 49D0     		beq	.L31
 422              	.LVL48:
 423              	.L24:
 351:Drivers/STM32F0xx_HAL_Driver/Src/stm32f0xx_hal_gpio.c ****       {
 352:Drivers/STM32F0xx_HAL_Driver/Src/stm32f0xx_hal_gpio.c ****         tmp = (0x0FU) << (4U * (position & 0x03U));
 353:Drivers/STM32F0xx_HAL_Driver/Src/stm32f0xx_hal_gpio.c ****         CLEAR_BIT(SYSCFG->EXTICR[position >> 2U], tmp);
 354:Drivers/STM32F0xx_HAL_Driver/Src/stm32f0xx_hal_gpio.c ****         
 355:Drivers/STM32F0xx_HAL_Driver/Src/stm32f0xx_hal_gpio.c ****         /* Clear EXTI line configuration */
 356:Drivers/STM32F0xx_HAL_Driver/Src/stm32f0xx_hal_gpio.c ****         CLEAR_BIT(EXTI->IMR, (uint32_t)iocurrent);
 357:Drivers/STM32F0xx_HAL_Driver/Src/stm32f0xx_hal_gpio.c ****         CLEAR_BIT(EXTI->EMR, (uint32_t)iocurrent);
 358:Drivers/STM32F0xx_HAL_Driver/Src/stm32f0xx_hal_gpio.c ****         
 359:Drivers/STM32F0xx_HAL_Driver/Src/stm32f0xx_hal_gpio.c ****         /* Clear Rising Falling edge configuration */
 360:Drivers/STM32F0xx_HAL_Driver/Src/stm32f0xx_hal_gpio.c ****         CLEAR_BIT(EXTI->RTSR, (uint32_t)iocurrent);
 361:Drivers/STM32F0xx_HAL_Driver/Src/stm32f0xx_hal_gpio.c ****         CLEAR_BIT(EXTI->FTSR, (uint32_t)iocurrent);
 362:Drivers/STM32F0xx_HAL_Driver/Src/stm32f0xx_hal_gpio.c ****       }
 363:Drivers/STM32F0xx_HAL_Driver/Src/stm32f0xx_hal_gpio.c ****     }
 364:Drivers/STM32F0xx_HAL_Driver/Src/stm32f0xx_hal_gpio.c ****     
 365:Drivers/STM32F0xx_HAL_Driver/Src/stm32f0xx_hal_gpio.c ****     position++;
ARM GAS  /tmp/ccDtXyY2.s 			page 15


 424              		.loc 1 365 0 is_stmt 1
 425 001a 0133     		adds	r3, r3, #1
 426              	.LVL49:
 427              	.L23:
 322:Drivers/STM32F0xx_HAL_Driver/Src/stm32f0xx_hal_gpio.c ****   {
 428              		.loc 1 322 0
 429 001c 0A00     		movs	r2, r1
 430 001e DA40     		lsrs	r2, r2, r3
 431 0020 5BD0     		beq	.L32
 325:Drivers/STM32F0xx_HAL_Driver/Src/stm32f0xx_hal_gpio.c **** 
 432              		.loc 1 325 0
 433 0022 0122     		movs	r2, #1
 434 0024 9A40     		lsls	r2, r2, r3
 435 0026 1400     		movs	r4, r2
 436 0028 0C40     		ands	r4, r1
 437 002a A446     		mov	ip, r4
 438              	.LVL50:
 327:Drivers/STM32F0xx_HAL_Driver/Src/stm32f0xx_hal_gpio.c ****     {
 439              		.loc 1 327 0
 440 002c F5D0     		beq	.L24
 331:Drivers/STM32F0xx_HAL_Driver/Src/stm32f0xx_hal_gpio.c ****   
 441              		.loc 1 331 0
 442 002e 0568     		ldr	r5, [r0]
 443 0030 5E00     		lsls	r6, r3, #1
 444 0032 0324     		movs	r4, #3
 445              	.LVL51:
 446 0034 A246     		mov	r10, r4
 447 0036 2700     		movs	r7, r4
 448 0038 B740     		lsls	r7, r7, r6
 449 003a FF43     		mvns	r7, r7
 450 003c 3D40     		ands	r5, r7
 451 003e 0560     		str	r5, [r0]
 334:Drivers/STM32F0xx_HAL_Driver/Src/stm32f0xx_hal_gpio.c ****   
 452              		.loc 1 334 0
 453 0040 DE08     		lsrs	r6, r3, #3
 454 0042 0836     		adds	r6, r6, #8
 455 0044 B600     		lsls	r6, r6, #2
 456 0046 3458     		ldr	r4, [r6, r0]
 457 0048 A146     		mov	r9, r4
 458 004a 0725     		movs	r5, #7
 459 004c 1D40     		ands	r5, r3
 460 004e AD00     		lsls	r5, r5, #2
 461 0050 0F24     		movs	r4, #15
 462 0052 A046     		mov	r8, r4
 463 0054 AC40     		lsls	r4, r4, r5
 464 0056 2500     		movs	r5, r4
 465 0058 4C46     		mov	r4, r9
 466 005a AC43     		bics	r4, r5
 467 005c 3450     		str	r4, [r6, r0]
 337:Drivers/STM32F0xx_HAL_Driver/Src/stm32f0xx_hal_gpio.c ****                   
 468              		.loc 1 337 0
 469 005e 8568     		ldr	r5, [r0, #8]
 470 0060 3D40     		ands	r5, r7
 471 0062 8560     		str	r5, [r0, #8]
 340:Drivers/STM32F0xx_HAL_Driver/Src/stm32f0xx_hal_gpio.c ****   
 472              		.loc 1 340 0
 473 0064 4568     		ldr	r5, [r0, #4]
ARM GAS  /tmp/ccDtXyY2.s 			page 16


 474 0066 9543     		bics	r5, r2
 475 0068 4560     		str	r5, [r0, #4]
 343:Drivers/STM32F0xx_HAL_Driver/Src/stm32f0xx_hal_gpio.c **** 
 476              		.loc 1 343 0
 477 006a C268     		ldr	r2, [r0, #12]
 478 006c 1740     		ands	r7, r2
 479 006e C760     		str	r7, [r0, #12]
 348:Drivers/STM32F0xx_HAL_Driver/Src/stm32f0xx_hal_gpio.c ****       tmp &= ((0x0FU) << (4U * (position & 0x03U)));
 480              		.loc 1 348 0
 481 0070 9D08     		lsrs	r5, r3, #2
 482 0072 AA1C     		adds	r2, r5, #2
 483 0074 9200     		lsls	r2, r2, #2
 484 0076 1B4E     		ldr	r6, .L34
 485 0078 9659     		ldr	r6, [r2, r6]
 486              	.LVL52:
 349:Drivers/STM32F0xx_HAL_Driver/Src/stm32f0xx_hal_gpio.c ****       if(tmp == (GPIO_GET_INDEX(GPIOx) << (4U * (position & 0x03U))))
 487              		.loc 1 349 0
 488 007a 5246     		mov	r2, r10
 489 007c 1A40     		ands	r2, r3
 490 007e 9200     		lsls	r2, r2, #2
 491 0080 4746     		mov	r7, r8
 492 0082 9740     		lsls	r7, r7, r2
 493 0084 3400     		movs	r4, r6
 494 0086 3C40     		ands	r4, r7
 495              	.LVL53:
 350:Drivers/STM32F0xx_HAL_Driver/Src/stm32f0xx_hal_gpio.c ****       {
 496              		.loc 1 350 0
 497 0088 9026     		movs	r6, #144
 498 008a F605     		lsls	r6, r6, #23
 499 008c B042     		cmp	r0, r6
 500 008e C0D0     		beq	.L27
 350:Drivers/STM32F0xx_HAL_Driver/Src/stm32f0xx_hal_gpio.c ****       {
 501              		.loc 1 350 0 is_stmt 0 discriminator 1
 502 0090 154E     		ldr	r6, .L34+4
 503 0092 B042     		cmp	r0, r6
 504 0094 07D0     		beq	.L28
 350:Drivers/STM32F0xx_HAL_Driver/Src/stm32f0xx_hal_gpio.c ****       {
 505              		.loc 1 350 0 discriminator 3
 506 0096 154E     		ldr	r6, .L34+8
 507 0098 B042     		cmp	r0, r6
 508 009a 06D0     		beq	.L29
 350:Drivers/STM32F0xx_HAL_Driver/Src/stm32f0xx_hal_gpio.c ****       {
 509              		.loc 1 350 0 discriminator 5
 510 009c 144E     		ldr	r6, .L34+12
 511 009e B042     		cmp	r0, r6
 512 00a0 B5D0     		beq	.L33
 350:Drivers/STM32F0xx_HAL_Driver/Src/stm32f0xx_hal_gpio.c ****       {
 513              		.loc 1 350 0
 514 00a2 0526     		movs	r6, #5
 515 00a4 B6E7     		b	.L25
 516              	.L28:
 517 00a6 0126     		movs	r6, #1
 518 00a8 B4E7     		b	.L25
 519              	.L29:
 520 00aa 0226     		movs	r6, #2
 521 00ac B2E7     		b	.L25
 522              	.L31:
ARM GAS  /tmp/ccDtXyY2.s 			page 17


 523              	.LVL54:
 353:Drivers/STM32F0xx_HAL_Driver/Src/stm32f0xx_hal_gpio.c ****         
 524              		.loc 1 353 0 is_stmt 1
 525 00ae 0D4C     		ldr	r4, .L34
 526 00b0 0235     		adds	r5, r5, #2
 527 00b2 AD00     		lsls	r5, r5, #2
 528 00b4 2A59     		ldr	r2, [r5, r4]
 529 00b6 BA43     		bics	r2, r7
 530 00b8 2A51     		str	r2, [r5, r4]
 356:Drivers/STM32F0xx_HAL_Driver/Src/stm32f0xx_hal_gpio.c ****         CLEAR_BIT(EXTI->EMR, (uint32_t)iocurrent);
 531              		.loc 1 356 0
 532 00ba 0E4C     		ldr	r4, .L34+16
 533 00bc 2568     		ldr	r5, [r4]
 534 00be 6246     		mov	r2, ip
 535 00c0 D243     		mvns	r2, r2
 536 00c2 1540     		ands	r5, r2
 537 00c4 2560     		str	r5, [r4]
 357:Drivers/STM32F0xx_HAL_Driver/Src/stm32f0xx_hal_gpio.c ****         
 538              		.loc 1 357 0
 539 00c6 6568     		ldr	r5, [r4, #4]
 540 00c8 1540     		ands	r5, r2
 541 00ca 6560     		str	r5, [r4, #4]
 360:Drivers/STM32F0xx_HAL_Driver/Src/stm32f0xx_hal_gpio.c ****         CLEAR_BIT(EXTI->FTSR, (uint32_t)iocurrent);
 542              		.loc 1 360 0
 543 00cc A568     		ldr	r5, [r4, #8]
 544 00ce 1540     		ands	r5, r2
 545 00d0 A560     		str	r5, [r4, #8]
 361:Drivers/STM32F0xx_HAL_Driver/Src/stm32f0xx_hal_gpio.c ****       }
 546              		.loc 1 361 0
 547 00d2 E568     		ldr	r5, [r4, #12]
 548 00d4 2A40     		ands	r2, r5
 549 00d6 E260     		str	r2, [r4, #12]
 550 00d8 9FE7     		b	.L24
 551              	.LVL55:
 552              	.L32:
 366:Drivers/STM32F0xx_HAL_Driver/Src/stm32f0xx_hal_gpio.c ****   }
 367:Drivers/STM32F0xx_HAL_Driver/Src/stm32f0xx_hal_gpio.c **** }
 553              		.loc 1 367 0
 554              		@ sp needed
 555 00da 1CBC     		pop	{r2, r3, r4}
 556 00dc 9046     		mov	r8, r2
 557 00de 9946     		mov	r9, r3
 558 00e0 A246     		mov	r10, r4
 559 00e2 F0BD     		pop	{r4, r5, r6, r7, pc}
 560              	.L35:
 561              		.align	2
 562              	.L34:
 563 00e4 00000140 		.word	1073807360
 564 00e8 00040048 		.word	1207960576
 565 00ec 00080048 		.word	1207961600
 566 00f0 000C0048 		.word	1207962624
 567 00f4 00040140 		.word	1073808384
 568              		.cfi_endproc
 569              	.LFE36:
 571              		.section	.text.HAL_GPIO_ReadPin,"ax",%progbits
 572              		.align	1
 573              		.global	HAL_GPIO_ReadPin
ARM GAS  /tmp/ccDtXyY2.s 			page 18


 574              		.syntax unified
 575              		.code	16
 576              		.thumb_func
 577              		.fpu softvfp
 579              	HAL_GPIO_ReadPin:
 580              	.LFB37:
 368:Drivers/STM32F0xx_HAL_Driver/Src/stm32f0xx_hal_gpio.c **** 
 369:Drivers/STM32F0xx_HAL_Driver/Src/stm32f0xx_hal_gpio.c **** /**
 370:Drivers/STM32F0xx_HAL_Driver/Src/stm32f0xx_hal_gpio.c ****   * @}
 371:Drivers/STM32F0xx_HAL_Driver/Src/stm32f0xx_hal_gpio.c ****   */
 372:Drivers/STM32F0xx_HAL_Driver/Src/stm32f0xx_hal_gpio.c **** 
 373:Drivers/STM32F0xx_HAL_Driver/Src/stm32f0xx_hal_gpio.c **** /** @defgroup GPIO_Exported_Functions_Group2 IO operation functions 
 374:Drivers/STM32F0xx_HAL_Driver/Src/stm32f0xx_hal_gpio.c ****  *  @brief GPIO Read, Write, Toggle, Lock and EXTI management functions.
 375:Drivers/STM32F0xx_HAL_Driver/Src/stm32f0xx_hal_gpio.c ****  *
 376:Drivers/STM32F0xx_HAL_Driver/Src/stm32f0xx_hal_gpio.c **** @verbatim   
 377:Drivers/STM32F0xx_HAL_Driver/Src/stm32f0xx_hal_gpio.c ****  ===============================================================================
 378:Drivers/STM32F0xx_HAL_Driver/Src/stm32f0xx_hal_gpio.c ****                        ##### IO operation functions #####
 379:Drivers/STM32F0xx_HAL_Driver/Src/stm32f0xx_hal_gpio.c ****  ===============================================================================  
 380:Drivers/STM32F0xx_HAL_Driver/Src/stm32f0xx_hal_gpio.c **** 
 381:Drivers/STM32F0xx_HAL_Driver/Src/stm32f0xx_hal_gpio.c **** @endverbatim
 382:Drivers/STM32F0xx_HAL_Driver/Src/stm32f0xx_hal_gpio.c ****   * @{
 383:Drivers/STM32F0xx_HAL_Driver/Src/stm32f0xx_hal_gpio.c ****   */
 384:Drivers/STM32F0xx_HAL_Driver/Src/stm32f0xx_hal_gpio.c **** 
 385:Drivers/STM32F0xx_HAL_Driver/Src/stm32f0xx_hal_gpio.c **** /**
 386:Drivers/STM32F0xx_HAL_Driver/Src/stm32f0xx_hal_gpio.c ****   * @brief  Read the specified input port pin.
 387:Drivers/STM32F0xx_HAL_Driver/Src/stm32f0xx_hal_gpio.c ****   * @param  GPIOx where x can be (A..F) to select the GPIO peripheral for STM32F0 family
 388:Drivers/STM32F0xx_HAL_Driver/Src/stm32f0xx_hal_gpio.c ****   * @param  GPIO_Pin specifies the port bit to read.
 389:Drivers/STM32F0xx_HAL_Driver/Src/stm32f0xx_hal_gpio.c ****   *         This parameter can be GPIO_PIN_x where x can be (0..15).
 390:Drivers/STM32F0xx_HAL_Driver/Src/stm32f0xx_hal_gpio.c ****   * @retval The input port pin value.
 391:Drivers/STM32F0xx_HAL_Driver/Src/stm32f0xx_hal_gpio.c ****   */
 392:Drivers/STM32F0xx_HAL_Driver/Src/stm32f0xx_hal_gpio.c **** GPIO_PinState HAL_GPIO_ReadPin(GPIO_TypeDef* GPIOx, uint16_t GPIO_Pin)
 393:Drivers/STM32F0xx_HAL_Driver/Src/stm32f0xx_hal_gpio.c **** {
 581              		.loc 1 393 0
 582              		.cfi_startproc
 583              		@ args = 0, pretend = 0, frame = 0
 584              		@ frame_needed = 0, uses_anonymous_args = 0
 585              		@ link register save eliminated.
 586              	.LVL56:
 394:Drivers/STM32F0xx_HAL_Driver/Src/stm32f0xx_hal_gpio.c ****   GPIO_PinState bitstatus;
 395:Drivers/STM32F0xx_HAL_Driver/Src/stm32f0xx_hal_gpio.c **** 
 396:Drivers/STM32F0xx_HAL_Driver/Src/stm32f0xx_hal_gpio.c ****   /* Check the parameters */
 397:Drivers/STM32F0xx_HAL_Driver/Src/stm32f0xx_hal_gpio.c ****   assert_param(IS_GPIO_PIN(GPIO_Pin));
 398:Drivers/STM32F0xx_HAL_Driver/Src/stm32f0xx_hal_gpio.c **** 
 399:Drivers/STM32F0xx_HAL_Driver/Src/stm32f0xx_hal_gpio.c ****   if ((GPIOx->IDR & GPIO_Pin) != (uint32_t)GPIO_PIN_RESET)
 587              		.loc 1 399 0
 588 0000 0369     		ldr	r3, [r0, #16]
 589 0002 0B42     		tst	r3, r1
 590 0004 01D1     		bne	.L39
 400:Drivers/STM32F0xx_HAL_Driver/Src/stm32f0xx_hal_gpio.c ****   {
 401:Drivers/STM32F0xx_HAL_Driver/Src/stm32f0xx_hal_gpio.c ****     bitstatus = GPIO_PIN_SET;
 402:Drivers/STM32F0xx_HAL_Driver/Src/stm32f0xx_hal_gpio.c ****   }
 403:Drivers/STM32F0xx_HAL_Driver/Src/stm32f0xx_hal_gpio.c ****   else
 404:Drivers/STM32F0xx_HAL_Driver/Src/stm32f0xx_hal_gpio.c ****   {
 405:Drivers/STM32F0xx_HAL_Driver/Src/stm32f0xx_hal_gpio.c ****     bitstatus = GPIO_PIN_RESET;
 591              		.loc 1 405 0
 592 0006 0020     		movs	r0, #0
 593              	.LVL57:
ARM GAS  /tmp/ccDtXyY2.s 			page 19


 594              	.L37:
 406:Drivers/STM32F0xx_HAL_Driver/Src/stm32f0xx_hal_gpio.c ****   }
 407:Drivers/STM32F0xx_HAL_Driver/Src/stm32f0xx_hal_gpio.c ****   return bitstatus;
 408:Drivers/STM32F0xx_HAL_Driver/Src/stm32f0xx_hal_gpio.c ****   }
 595              		.loc 1 408 0
 596              		@ sp needed
 597 0008 7047     		bx	lr
 598              	.LVL58:
 599              	.L39:
 401:Drivers/STM32F0xx_HAL_Driver/Src/stm32f0xx_hal_gpio.c ****   }
 600              		.loc 1 401 0
 601 000a 0120     		movs	r0, #1
 602              	.LVL59:
 603 000c FCE7     		b	.L37
 604              		.cfi_endproc
 605              	.LFE37:
 607              		.section	.text.HAL_GPIO_WritePin,"ax",%progbits
 608              		.align	1
 609              		.global	HAL_GPIO_WritePin
 610              		.syntax unified
 611              		.code	16
 612              		.thumb_func
 613              		.fpu softvfp
 615              	HAL_GPIO_WritePin:
 616              	.LFB38:
 409:Drivers/STM32F0xx_HAL_Driver/Src/stm32f0xx_hal_gpio.c **** 
 410:Drivers/STM32F0xx_HAL_Driver/Src/stm32f0xx_hal_gpio.c **** /**
 411:Drivers/STM32F0xx_HAL_Driver/Src/stm32f0xx_hal_gpio.c ****   * @brief  Set or clear the selected data port bit.
 412:Drivers/STM32F0xx_HAL_Driver/Src/stm32f0xx_hal_gpio.c ****   * @note   This function uses GPIOx_BSRR and GPIOx_BRR registers to allow atomic read/modify
 413:Drivers/STM32F0xx_HAL_Driver/Src/stm32f0xx_hal_gpio.c ****   *         accesses. In this way, there is no risk of an IRQ occurring between
 414:Drivers/STM32F0xx_HAL_Driver/Src/stm32f0xx_hal_gpio.c ****   *         the read and the modify access.
 415:Drivers/STM32F0xx_HAL_Driver/Src/stm32f0xx_hal_gpio.c ****   *
 416:Drivers/STM32F0xx_HAL_Driver/Src/stm32f0xx_hal_gpio.c ****   * @param  GPIOx where x can be (A..H) to select the GPIO peripheral for STM32F0 family
 417:Drivers/STM32F0xx_HAL_Driver/Src/stm32f0xx_hal_gpio.c ****   * @param  GPIO_Pin specifies the port bit to be written.
 418:Drivers/STM32F0xx_HAL_Driver/Src/stm32f0xx_hal_gpio.c ****   *          This parameter can be one of GPIO_PIN_x where x can be (0..15).
 419:Drivers/STM32F0xx_HAL_Driver/Src/stm32f0xx_hal_gpio.c ****   * @param  PinState specifies the value to be written to the selected bit.
 420:Drivers/STM32F0xx_HAL_Driver/Src/stm32f0xx_hal_gpio.c ****   *          This parameter can be one of the GPIO_PinState enum values:
 421:Drivers/STM32F0xx_HAL_Driver/Src/stm32f0xx_hal_gpio.c ****   *            @arg GPIO_PIN_RESET: to clear the port pin
 422:Drivers/STM32F0xx_HAL_Driver/Src/stm32f0xx_hal_gpio.c ****   *            @arg GPIO_PIN_SET: to set the port pin
 423:Drivers/STM32F0xx_HAL_Driver/Src/stm32f0xx_hal_gpio.c ****   * @retval None
 424:Drivers/STM32F0xx_HAL_Driver/Src/stm32f0xx_hal_gpio.c ****   */
 425:Drivers/STM32F0xx_HAL_Driver/Src/stm32f0xx_hal_gpio.c **** void HAL_GPIO_WritePin(GPIO_TypeDef* GPIOx, uint16_t GPIO_Pin, GPIO_PinState PinState)
 426:Drivers/STM32F0xx_HAL_Driver/Src/stm32f0xx_hal_gpio.c **** {
 617              		.loc 1 426 0
 618              		.cfi_startproc
 619              		@ args = 0, pretend = 0, frame = 0
 620              		@ frame_needed = 0, uses_anonymous_args = 0
 621              		@ link register save eliminated.
 622              	.LVL60:
 427:Drivers/STM32F0xx_HAL_Driver/Src/stm32f0xx_hal_gpio.c ****   /* Check the parameters */
 428:Drivers/STM32F0xx_HAL_Driver/Src/stm32f0xx_hal_gpio.c ****   assert_param(IS_GPIO_PIN(GPIO_Pin));
 429:Drivers/STM32F0xx_HAL_Driver/Src/stm32f0xx_hal_gpio.c ****   assert_param(IS_GPIO_PIN_ACTION(PinState));
 430:Drivers/STM32F0xx_HAL_Driver/Src/stm32f0xx_hal_gpio.c **** 
 431:Drivers/STM32F0xx_HAL_Driver/Src/stm32f0xx_hal_gpio.c ****   if (PinState != GPIO_PIN_RESET)
 623              		.loc 1 431 0
 624 0000 002A     		cmp	r2, #0
 625 0002 01D1     		bne	.L43
ARM GAS  /tmp/ccDtXyY2.s 			page 20


 432:Drivers/STM32F0xx_HAL_Driver/Src/stm32f0xx_hal_gpio.c ****   {
 433:Drivers/STM32F0xx_HAL_Driver/Src/stm32f0xx_hal_gpio.c ****     GPIOx->BSRR = (uint32_t)GPIO_Pin;
 434:Drivers/STM32F0xx_HAL_Driver/Src/stm32f0xx_hal_gpio.c ****   }
 435:Drivers/STM32F0xx_HAL_Driver/Src/stm32f0xx_hal_gpio.c ****   else
 436:Drivers/STM32F0xx_HAL_Driver/Src/stm32f0xx_hal_gpio.c ****   {
 437:Drivers/STM32F0xx_HAL_Driver/Src/stm32f0xx_hal_gpio.c ****     GPIOx->BRR = (uint32_t)GPIO_Pin;
 626              		.loc 1 437 0
 627 0004 8162     		str	r1, [r0, #40]
 628              	.L40:
 438:Drivers/STM32F0xx_HAL_Driver/Src/stm32f0xx_hal_gpio.c ****   }
 439:Drivers/STM32F0xx_HAL_Driver/Src/stm32f0xx_hal_gpio.c **** }
 629              		.loc 1 439 0
 630              		@ sp needed
 631 0006 7047     		bx	lr
 632              	.L43:
 433:Drivers/STM32F0xx_HAL_Driver/Src/stm32f0xx_hal_gpio.c ****   }
 633              		.loc 1 433 0
 634 0008 8161     		str	r1, [r0, #24]
 635 000a FCE7     		b	.L40
 636              		.cfi_endproc
 637              	.LFE38:
 639              		.section	.text.HAL_GPIO_TogglePin,"ax",%progbits
 640              		.align	1
 641              		.global	HAL_GPIO_TogglePin
 642              		.syntax unified
 643              		.code	16
 644              		.thumb_func
 645              		.fpu softvfp
 647              	HAL_GPIO_TogglePin:
 648              	.LFB39:
 440:Drivers/STM32F0xx_HAL_Driver/Src/stm32f0xx_hal_gpio.c ****   
 441:Drivers/STM32F0xx_HAL_Driver/Src/stm32f0xx_hal_gpio.c **** /**
 442:Drivers/STM32F0xx_HAL_Driver/Src/stm32f0xx_hal_gpio.c ****   * @brief  Toggle the specified GPIO pin.
 443:Drivers/STM32F0xx_HAL_Driver/Src/stm32f0xx_hal_gpio.c ****   * @param  GPIOx where x can be (A..F) to select the GPIO peripheral for STM32F0 family
 444:Drivers/STM32F0xx_HAL_Driver/Src/stm32f0xx_hal_gpio.c ****   * @param  GPIO_Pin specifies the pin to be toggled.
 445:Drivers/STM32F0xx_HAL_Driver/Src/stm32f0xx_hal_gpio.c ****   * @retval None
 446:Drivers/STM32F0xx_HAL_Driver/Src/stm32f0xx_hal_gpio.c ****   */
 447:Drivers/STM32F0xx_HAL_Driver/Src/stm32f0xx_hal_gpio.c **** void HAL_GPIO_TogglePin(GPIO_TypeDef* GPIOx, uint16_t GPIO_Pin)
 448:Drivers/STM32F0xx_HAL_Driver/Src/stm32f0xx_hal_gpio.c **** {
 649              		.loc 1 448 0
 650              		.cfi_startproc
 651              		@ args = 0, pretend = 0, frame = 0
 652              		@ frame_needed = 0, uses_anonymous_args = 0
 653              		@ link register save eliminated.
 654              	.LVL61:
 449:Drivers/STM32F0xx_HAL_Driver/Src/stm32f0xx_hal_gpio.c ****   /* Check the parameters */
 450:Drivers/STM32F0xx_HAL_Driver/Src/stm32f0xx_hal_gpio.c ****   assert_param(IS_GPIO_PIN(GPIO_Pin));
 451:Drivers/STM32F0xx_HAL_Driver/Src/stm32f0xx_hal_gpio.c **** 
 452:Drivers/STM32F0xx_HAL_Driver/Src/stm32f0xx_hal_gpio.c ****   GPIOx->ODR ^= GPIO_Pin;
 655              		.loc 1 452 0
 656 0000 4369     		ldr	r3, [r0, #20]
 657 0002 5940     		eors	r1, r3
 658              	.LVL62:
 659 0004 4161     		str	r1, [r0, #20]
 453:Drivers/STM32F0xx_HAL_Driver/Src/stm32f0xx_hal_gpio.c **** }
 660              		.loc 1 453 0
 661              		@ sp needed
ARM GAS  /tmp/ccDtXyY2.s 			page 21


 662 0006 7047     		bx	lr
 663              		.cfi_endproc
 664              	.LFE39:
 666              		.section	.text.HAL_GPIO_LockPin,"ax",%progbits
 667              		.align	1
 668              		.global	HAL_GPIO_LockPin
 669              		.syntax unified
 670              		.code	16
 671              		.thumb_func
 672              		.fpu softvfp
 674              	HAL_GPIO_LockPin:
 675              	.LFB40:
 454:Drivers/STM32F0xx_HAL_Driver/Src/stm32f0xx_hal_gpio.c **** 
 455:Drivers/STM32F0xx_HAL_Driver/Src/stm32f0xx_hal_gpio.c **** /**
 456:Drivers/STM32F0xx_HAL_Driver/Src/stm32f0xx_hal_gpio.c **** * @brief  Locks GPIO Pins configuration registers.
 457:Drivers/STM32F0xx_HAL_Driver/Src/stm32f0xx_hal_gpio.c **** * @note   The locked registers are GPIOx_MODER, GPIOx_OTYPER, GPIOx_OSPEEDR,
 458:Drivers/STM32F0xx_HAL_Driver/Src/stm32f0xx_hal_gpio.c **** *         GPIOx_PUPDR, GPIOx_AFRL and GPIOx_AFRH.
 459:Drivers/STM32F0xx_HAL_Driver/Src/stm32f0xx_hal_gpio.c **** * @note   The configuration of the locked GPIO pins can no longer be modified
 460:Drivers/STM32F0xx_HAL_Driver/Src/stm32f0xx_hal_gpio.c **** *         until the next reset.
 461:Drivers/STM32F0xx_HAL_Driver/Src/stm32f0xx_hal_gpio.c ****   * @param  GPIOx where x can be (A..F) to select the GPIO peripheral for STM32F0 family
 462:Drivers/STM32F0xx_HAL_Driver/Src/stm32f0xx_hal_gpio.c ****   * @param  GPIO_Pin specifies the port bits to be locked.
 463:Drivers/STM32F0xx_HAL_Driver/Src/stm32f0xx_hal_gpio.c **** *         This parameter can be any combination of GPIO_Pin_x where x can be (0..15).
 464:Drivers/STM32F0xx_HAL_Driver/Src/stm32f0xx_hal_gpio.c **** * @retval None
 465:Drivers/STM32F0xx_HAL_Driver/Src/stm32f0xx_hal_gpio.c **** */
 466:Drivers/STM32F0xx_HAL_Driver/Src/stm32f0xx_hal_gpio.c **** HAL_StatusTypeDef HAL_GPIO_LockPin(GPIO_TypeDef* GPIOx, uint16_t GPIO_Pin)
 467:Drivers/STM32F0xx_HAL_Driver/Src/stm32f0xx_hal_gpio.c **** {
 676              		.loc 1 467 0
 677              		.cfi_startproc
 678              		@ args = 0, pretend = 0, frame = 8
 679              		@ frame_needed = 0, uses_anonymous_args = 0
 680              		@ link register save eliminated.
 681              	.LVL63:
 682 0000 82B0     		sub	sp, sp, #8
 683              	.LCFI5:
 684              		.cfi_def_cfa_offset 8
 468:Drivers/STM32F0xx_HAL_Driver/Src/stm32f0xx_hal_gpio.c ****   __IO uint32_t tmp = GPIO_LCKR_LCKK;
 685              		.loc 1 468 0
 686 0002 8022     		movs	r2, #128
 687 0004 5202     		lsls	r2, r2, #9
 688 0006 0192     		str	r2, [sp, #4]
 469:Drivers/STM32F0xx_HAL_Driver/Src/stm32f0xx_hal_gpio.c **** 
 470:Drivers/STM32F0xx_HAL_Driver/Src/stm32f0xx_hal_gpio.c ****   /* Check the parameters */
 471:Drivers/STM32F0xx_HAL_Driver/Src/stm32f0xx_hal_gpio.c ****   assert_param(IS_GPIO_LOCK_INSTANCE(GPIOx));
 472:Drivers/STM32F0xx_HAL_Driver/Src/stm32f0xx_hal_gpio.c ****   assert_param(IS_GPIO_PIN(GPIO_Pin));
 473:Drivers/STM32F0xx_HAL_Driver/Src/stm32f0xx_hal_gpio.c **** 
 474:Drivers/STM32F0xx_HAL_Driver/Src/stm32f0xx_hal_gpio.c ****   /* Apply lock key write sequence */
 475:Drivers/STM32F0xx_HAL_Driver/Src/stm32f0xx_hal_gpio.c ****   SET_BIT(tmp, GPIO_Pin);
 689              		.loc 1 475 0
 690 0008 019B     		ldr	r3, [sp, #4]
 691 000a 0B43     		orrs	r3, r1
 692 000c 0193     		str	r3, [sp, #4]
 476:Drivers/STM32F0xx_HAL_Driver/Src/stm32f0xx_hal_gpio.c ****   /* Set LCKx bit(s): LCKK='1' + LCK[15-0] */
 477:Drivers/STM32F0xx_HAL_Driver/Src/stm32f0xx_hal_gpio.c ****   GPIOx->LCKR = tmp;
 693              		.loc 1 477 0
 694 000e 019B     		ldr	r3, [sp, #4]
 695 0010 C361     		str	r3, [r0, #28]
 478:Drivers/STM32F0xx_HAL_Driver/Src/stm32f0xx_hal_gpio.c ****   /* Reset LCKx bit(s): LCKK='0' + LCK[15-0] */
ARM GAS  /tmp/ccDtXyY2.s 			page 22


 479:Drivers/STM32F0xx_HAL_Driver/Src/stm32f0xx_hal_gpio.c ****   GPIOx->LCKR = GPIO_Pin;
 696              		.loc 1 479 0
 697 0012 C161     		str	r1, [r0, #28]
 480:Drivers/STM32F0xx_HAL_Driver/Src/stm32f0xx_hal_gpio.c ****   /* Set LCKx bit(s): LCKK='1' + LCK[15-0] */
 481:Drivers/STM32F0xx_HAL_Driver/Src/stm32f0xx_hal_gpio.c ****   GPIOx->LCKR = tmp;
 698              		.loc 1 481 0
 699 0014 019B     		ldr	r3, [sp, #4]
 700 0016 C361     		str	r3, [r0, #28]
 482:Drivers/STM32F0xx_HAL_Driver/Src/stm32f0xx_hal_gpio.c ****   /* Read LCKK bit*/
 483:Drivers/STM32F0xx_HAL_Driver/Src/stm32f0xx_hal_gpio.c ****   tmp = GPIOx->LCKR;
 701              		.loc 1 483 0
 702 0018 C369     		ldr	r3, [r0, #28]
 703 001a 0193     		str	r3, [sp, #4]
 484:Drivers/STM32F0xx_HAL_Driver/Src/stm32f0xx_hal_gpio.c **** 
 485:Drivers/STM32F0xx_HAL_Driver/Src/stm32f0xx_hal_gpio.c ****   if((GPIOx->LCKR & GPIO_LCKR_LCKK) != RESET)
 704              		.loc 1 485 0
 705 001c C369     		ldr	r3, [r0, #28]
 706 001e 1342     		tst	r3, r2
 707 0020 02D1     		bne	.L48
 486:Drivers/STM32F0xx_HAL_Driver/Src/stm32f0xx_hal_gpio.c ****   {
 487:Drivers/STM32F0xx_HAL_Driver/Src/stm32f0xx_hal_gpio.c ****     return HAL_OK;
 488:Drivers/STM32F0xx_HAL_Driver/Src/stm32f0xx_hal_gpio.c ****   }
 489:Drivers/STM32F0xx_HAL_Driver/Src/stm32f0xx_hal_gpio.c ****   else
 490:Drivers/STM32F0xx_HAL_Driver/Src/stm32f0xx_hal_gpio.c ****   {
 491:Drivers/STM32F0xx_HAL_Driver/Src/stm32f0xx_hal_gpio.c ****     return HAL_ERROR;
 708              		.loc 1 491 0
 709 0022 0120     		movs	r0, #1
 710              	.LVL64:
 711              	.L46:
 492:Drivers/STM32F0xx_HAL_Driver/Src/stm32f0xx_hal_gpio.c ****   }
 493:Drivers/STM32F0xx_HAL_Driver/Src/stm32f0xx_hal_gpio.c **** }
 712              		.loc 1 493 0
 713 0024 02B0     		add	sp, sp, #8
 714              		@ sp needed
 715 0026 7047     		bx	lr
 716              	.LVL65:
 717              	.L48:
 487:Drivers/STM32F0xx_HAL_Driver/Src/stm32f0xx_hal_gpio.c ****   }
 718              		.loc 1 487 0
 719 0028 0020     		movs	r0, #0
 720              	.LVL66:
 721 002a FBE7     		b	.L46
 722              		.cfi_endproc
 723              	.LFE40:
 725              		.section	.text.HAL_GPIO_EXTI_Callback,"ax",%progbits
 726              		.align	1
 727              		.weak	HAL_GPIO_EXTI_Callback
 728              		.syntax unified
 729              		.code	16
 730              		.thumb_func
 731              		.fpu softvfp
 733              	HAL_GPIO_EXTI_Callback:
 734              	.LFB42:
 494:Drivers/STM32F0xx_HAL_Driver/Src/stm32f0xx_hal_gpio.c **** 
 495:Drivers/STM32F0xx_HAL_Driver/Src/stm32f0xx_hal_gpio.c **** /**
 496:Drivers/STM32F0xx_HAL_Driver/Src/stm32f0xx_hal_gpio.c ****   * @brief  Handle EXTI interrupt request.
 497:Drivers/STM32F0xx_HAL_Driver/Src/stm32f0xx_hal_gpio.c ****   * @param  GPIO_Pin Specifies the port pin connected to corresponding EXTI line.
ARM GAS  /tmp/ccDtXyY2.s 			page 23


 498:Drivers/STM32F0xx_HAL_Driver/Src/stm32f0xx_hal_gpio.c ****   * @retval None
 499:Drivers/STM32F0xx_HAL_Driver/Src/stm32f0xx_hal_gpio.c ****   */
 500:Drivers/STM32F0xx_HAL_Driver/Src/stm32f0xx_hal_gpio.c **** void HAL_GPIO_EXTI_IRQHandler(uint16_t GPIO_Pin)
 501:Drivers/STM32F0xx_HAL_Driver/Src/stm32f0xx_hal_gpio.c **** {
 502:Drivers/STM32F0xx_HAL_Driver/Src/stm32f0xx_hal_gpio.c ****   /* EXTI line interrupt detected */
 503:Drivers/STM32F0xx_HAL_Driver/Src/stm32f0xx_hal_gpio.c ****   if(__HAL_GPIO_EXTI_GET_IT(GPIO_Pin) != RESET) 
 504:Drivers/STM32F0xx_HAL_Driver/Src/stm32f0xx_hal_gpio.c ****   { 
 505:Drivers/STM32F0xx_HAL_Driver/Src/stm32f0xx_hal_gpio.c ****     __HAL_GPIO_EXTI_CLEAR_IT(GPIO_Pin);
 506:Drivers/STM32F0xx_HAL_Driver/Src/stm32f0xx_hal_gpio.c ****     HAL_GPIO_EXTI_Callback(GPIO_Pin);
 507:Drivers/STM32F0xx_HAL_Driver/Src/stm32f0xx_hal_gpio.c ****   }
 508:Drivers/STM32F0xx_HAL_Driver/Src/stm32f0xx_hal_gpio.c **** }
 509:Drivers/STM32F0xx_HAL_Driver/Src/stm32f0xx_hal_gpio.c **** 
 510:Drivers/STM32F0xx_HAL_Driver/Src/stm32f0xx_hal_gpio.c **** /**
 511:Drivers/STM32F0xx_HAL_Driver/Src/stm32f0xx_hal_gpio.c ****   * @brief  EXTI line detection callback.
 512:Drivers/STM32F0xx_HAL_Driver/Src/stm32f0xx_hal_gpio.c ****   * @param  GPIO_Pin Specifies the port pin connected to corresponding EXTI line.
 513:Drivers/STM32F0xx_HAL_Driver/Src/stm32f0xx_hal_gpio.c ****   * @retval None
 514:Drivers/STM32F0xx_HAL_Driver/Src/stm32f0xx_hal_gpio.c ****   */
 515:Drivers/STM32F0xx_HAL_Driver/Src/stm32f0xx_hal_gpio.c **** __weak void HAL_GPIO_EXTI_Callback(uint16_t GPIO_Pin)
 516:Drivers/STM32F0xx_HAL_Driver/Src/stm32f0xx_hal_gpio.c **** {
 735              		.loc 1 516 0
 736              		.cfi_startproc
 737              		@ args = 0, pretend = 0, frame = 0
 738              		@ frame_needed = 0, uses_anonymous_args = 0
 739              		@ link register save eliminated.
 740              	.LVL67:
 517:Drivers/STM32F0xx_HAL_Driver/Src/stm32f0xx_hal_gpio.c ****   /* Prevent unused argument(s) compilation warning */
 518:Drivers/STM32F0xx_HAL_Driver/Src/stm32f0xx_hal_gpio.c ****   UNUSED(GPIO_Pin);
 519:Drivers/STM32F0xx_HAL_Driver/Src/stm32f0xx_hal_gpio.c **** 
 520:Drivers/STM32F0xx_HAL_Driver/Src/stm32f0xx_hal_gpio.c ****   /* NOTE: This function should not be modified, when the callback is needed,
 521:Drivers/STM32F0xx_HAL_Driver/Src/stm32f0xx_hal_gpio.c ****             the HAL_GPIO_EXTI_Callback could be implemented in the user file
 522:Drivers/STM32F0xx_HAL_Driver/Src/stm32f0xx_hal_gpio.c ****    */ 
 523:Drivers/STM32F0xx_HAL_Driver/Src/stm32f0xx_hal_gpio.c **** }
 741              		.loc 1 523 0
 742              		@ sp needed
 743 0000 7047     		bx	lr
 744              		.cfi_endproc
 745              	.LFE42:
 747              		.section	.text.HAL_GPIO_EXTI_IRQHandler,"ax",%progbits
 748              		.align	1
 749              		.global	HAL_GPIO_EXTI_IRQHandler
 750              		.syntax unified
 751              		.code	16
 752              		.thumb_func
 753              		.fpu softvfp
 755              	HAL_GPIO_EXTI_IRQHandler:
 756              	.LFB41:
 501:Drivers/STM32F0xx_HAL_Driver/Src/stm32f0xx_hal_gpio.c ****   /* EXTI line interrupt detected */
 757              		.loc 1 501 0
 758              		.cfi_startproc
 759              		@ args = 0, pretend = 0, frame = 0
 760              		@ frame_needed = 0, uses_anonymous_args = 0
 761              	.LVL68:
 762 0000 10B5     		push	{r4, lr}
 763              	.LCFI6:
 764              		.cfi_def_cfa_offset 8
 765              		.cfi_offset 4, -8
 766              		.cfi_offset 14, -4
ARM GAS  /tmp/ccDtXyY2.s 			page 24


 503:Drivers/STM32F0xx_HAL_Driver/Src/stm32f0xx_hal_gpio.c ****   { 
 767              		.loc 1 503 0
 768 0002 054B     		ldr	r3, .L53
 769 0004 5B69     		ldr	r3, [r3, #20]
 770 0006 1842     		tst	r0, r3
 771 0008 00D1     		bne	.L52
 772              	.LVL69:
 773              	.L50:
 508:Drivers/STM32F0xx_HAL_Driver/Src/stm32f0xx_hal_gpio.c **** 
 774              		.loc 1 508 0
 775              		@ sp needed
 776 000a 10BD     		pop	{r4, pc}
 777              	.LVL70:
 778              	.L52:
 505:Drivers/STM32F0xx_HAL_Driver/Src/stm32f0xx_hal_gpio.c ****     HAL_GPIO_EXTI_Callback(GPIO_Pin);
 779              		.loc 1 505 0
 780 000c 024B     		ldr	r3, .L53
 781 000e 5861     		str	r0, [r3, #20]
 506:Drivers/STM32F0xx_HAL_Driver/Src/stm32f0xx_hal_gpio.c ****   }
 782              		.loc 1 506 0
 783 0010 FFF7FEFF 		bl	HAL_GPIO_EXTI_Callback
 784              	.LVL71:
 508:Drivers/STM32F0xx_HAL_Driver/Src/stm32f0xx_hal_gpio.c **** 
 785              		.loc 1 508 0
 786 0014 F9E7     		b	.L50
 787              	.L54:
 788 0016 C046     		.align	2
 789              	.L53:
 790 0018 00040140 		.word	1073808384
 791              		.cfi_endproc
 792              	.LFE41:
 794              		.text
 795              	.Letext0:
 796              		.file 2 "/home/arthurdent/Programs/gcc-arm-none-eabi-6-2017-q1-update/arm-none-eabi/include/machin
 797              		.file 3 "/home/arthurdent/Programs/gcc-arm-none-eabi-6-2017-q1-update/arm-none-eabi/include/sys/_s
 798              		.file 4 "Drivers/CMSIS/Device/ST/STM32F0xx/Include/system_stm32f0xx.h"
 799              		.file 5 "Drivers/CMSIS/Device/ST/STM32F0xx/Include/stm32f051x8.h"
 800              		.file 6 "/home/arthurdent/Programs/gcc-arm-none-eabi-6-2017-q1-update/arm-none-eabi/include/sys/lo
 801              		.file 7 "/home/arthurdent/Programs/gcc-arm-none-eabi-6-2017-q1-update/arm-none-eabi/include/sys/_t
 802              		.file 8 "/home/arthurdent/Programs/gcc-arm-none-eabi-6-2017-q1-update/lib/gcc/arm-none-eabi/6.3.1/
 803              		.file 9 "/home/arthurdent/Programs/gcc-arm-none-eabi-6-2017-q1-update/arm-none-eabi/include/sys/re
 804              		.file 10 "Drivers/CMSIS/Device/ST/STM32F0xx/Include/stm32f0xx.h"
 805              		.file 11 "Drivers/STM32F0xx_HAL_Driver/Inc/stm32f0xx_hal_def.h"
 806              		.file 12 "Drivers/STM32F0xx_HAL_Driver/Inc/stm32f0xx_hal_gpio.h"
ARM GAS  /tmp/ccDtXyY2.s 			page 25


DEFINED SYMBOLS
                            *ABS*:0000000000000000 stm32f0xx_hal_gpio.c
     /tmp/ccDtXyY2.s:16     .text.HAL_GPIO_Init:0000000000000000 $t
     /tmp/ccDtXyY2.s:23     .text.HAL_GPIO_Init:0000000000000000 HAL_GPIO_Init
     /tmp/ccDtXyY2.s:364    .text.HAL_GPIO_Init:0000000000000174 $d
     /tmp/ccDtXyY2.s:374    .text.HAL_GPIO_DeInit:0000000000000000 $t
     /tmp/ccDtXyY2.s:381    .text.HAL_GPIO_DeInit:0000000000000000 HAL_GPIO_DeInit
     /tmp/ccDtXyY2.s:563    .text.HAL_GPIO_DeInit:00000000000000e4 $d
     /tmp/ccDtXyY2.s:572    .text.HAL_GPIO_ReadPin:0000000000000000 $t
     /tmp/ccDtXyY2.s:579    .text.HAL_GPIO_ReadPin:0000000000000000 HAL_GPIO_ReadPin
     /tmp/ccDtXyY2.s:608    .text.HAL_GPIO_WritePin:0000000000000000 $t
     /tmp/ccDtXyY2.s:615    .text.HAL_GPIO_WritePin:0000000000000000 HAL_GPIO_WritePin
     /tmp/ccDtXyY2.s:640    .text.HAL_GPIO_TogglePin:0000000000000000 $t
     /tmp/ccDtXyY2.s:647    .text.HAL_GPIO_TogglePin:0000000000000000 HAL_GPIO_TogglePin
     /tmp/ccDtXyY2.s:667    .text.HAL_GPIO_LockPin:0000000000000000 $t
     /tmp/ccDtXyY2.s:674    .text.HAL_GPIO_LockPin:0000000000000000 HAL_GPIO_LockPin
     /tmp/ccDtXyY2.s:726    .text.HAL_GPIO_EXTI_Callback:0000000000000000 $t
     /tmp/ccDtXyY2.s:733    .text.HAL_GPIO_EXTI_Callback:0000000000000000 HAL_GPIO_EXTI_Callback
     /tmp/ccDtXyY2.s:748    .text.HAL_GPIO_EXTI_IRQHandler:0000000000000000 $t
     /tmp/ccDtXyY2.s:755    .text.HAL_GPIO_EXTI_IRQHandler:0000000000000000 HAL_GPIO_EXTI_IRQHandler
     /tmp/ccDtXyY2.s:790    .text.HAL_GPIO_EXTI_IRQHandler:0000000000000018 $d
                     .debug_frame:0000000000000010 $d

NO UNDEFINED SYMBOLS
