ARM GAS  /tmp/ccsxTkt3.s 			page 1


   1              		.cpu cortex-m0
   2              		.eabi_attribute 20, 1
   3              		.eabi_attribute 21, 1
   4              		.eabi_attribute 23, 3
   5              		.eabi_attribute 24, 1
   6              		.eabi_attribute 25, 1
   7              		.eabi_attribute 26, 1
   8              		.eabi_attribute 30, 1
   9              		.eabi_attribute 34, 0
  10              		.eabi_attribute 18, 4
  11              		.file	"stm32f0xx_it.c"
  12              		.text
  13              	.Ltext0:
  14              		.cfi_sections	.debug_frame
  15              		.section	.text.NMI_Handler,"ax",%progbits
  16              		.align	1
  17              		.global	NMI_Handler
  18              		.syntax unified
  19              		.code	16
  20              		.thumb_func
  21              		.fpu softvfp
  23              	NMI_Handler:
  24              	.LFB35:
  25              		.file 1 "Src/stm32f0xx_it.c"
   1:Src/stm32f0xx_it.c **** /**
   2:Src/stm32f0xx_it.c ****   ******************************************************************************
   3:Src/stm32f0xx_it.c ****   * @file    stm32f0xx_it.c
   4:Src/stm32f0xx_it.c ****   * @brief   Interrupt Service Routines.
   5:Src/stm32f0xx_it.c ****   ******************************************************************************
   6:Src/stm32f0xx_it.c ****   *
   7:Src/stm32f0xx_it.c ****   * COPYRIGHT(c) 2018 STMicroelectronics
   8:Src/stm32f0xx_it.c ****   *
   9:Src/stm32f0xx_it.c ****   * Redistribution and use in source and binary forms, with or without modification,
  10:Src/stm32f0xx_it.c ****   * are permitted provided that the following conditions are met:
  11:Src/stm32f0xx_it.c ****   *   1. Redistributions of source code must retain the above copyright notice,
  12:Src/stm32f0xx_it.c ****   *      this list of conditions and the following disclaimer.
  13:Src/stm32f0xx_it.c ****   *   2. Redistributions in binary form must reproduce the above copyright notice,
  14:Src/stm32f0xx_it.c ****   *      this list of conditions and the following disclaimer in the documentation
  15:Src/stm32f0xx_it.c ****   *      and/or other materials provided with the distribution.
  16:Src/stm32f0xx_it.c ****   *   3. Neither the name of STMicroelectronics nor the names of its contributors
  17:Src/stm32f0xx_it.c ****   *      may be used to endorse or promote products derived from this software
  18:Src/stm32f0xx_it.c ****   *      without specific prior written permission.
  19:Src/stm32f0xx_it.c ****   *
  20:Src/stm32f0xx_it.c ****   * THIS SOFTWARE IS PROVIDED BY THE COPYRIGHT HOLDERS AND CONTRIBUTORS "AS IS"
  21:Src/stm32f0xx_it.c ****   * AND ANY EXPRESS OR IMPLIED WARRANTIES, INCLUDING, BUT NOT LIMITED TO, THE
  22:Src/stm32f0xx_it.c ****   * IMPLIED WARRANTIES OF MERCHANTABILITY AND FITNESS FOR A PARTICULAR PURPOSE ARE
  23:Src/stm32f0xx_it.c ****   * DISCLAIMED. IN NO EVENT SHALL THE COPYRIGHT HOLDER OR CONTRIBUTORS BE LIABLE
  24:Src/stm32f0xx_it.c ****   * FOR ANY DIRECT, INDIRECT, INCIDENTAL, SPECIAL, EXEMPLARY, OR CONSEQUENTIAL
  25:Src/stm32f0xx_it.c ****   * DAMAGES (INCLUDING, BUT NOT LIMITED TO, PROCUREMENT OF SUBSTITUTE GOODS OR
  26:Src/stm32f0xx_it.c ****   * SERVICES; LOSS OF USE, DATA, OR PROFITS; OR BUSINESS INTERRUPTION) HOWEVER
  27:Src/stm32f0xx_it.c ****   * CAUSED AND ON ANY THEORY OF LIABILITY, WHETHER IN CONTRACT, STRICT LIABILITY,
  28:Src/stm32f0xx_it.c ****   * OR TORT (INCLUDING NEGLIGENCE OR OTHERWISE) ARISING IN ANY WAY OUT OF THE USE
  29:Src/stm32f0xx_it.c ****   * OF THIS SOFTWARE, EVEN IF ADVISED OF THE POSSIBILITY OF SUCH DAMAGE.
  30:Src/stm32f0xx_it.c ****   *
  31:Src/stm32f0xx_it.c ****   ******************************************************************************
  32:Src/stm32f0xx_it.c ****   */
  33:Src/stm32f0xx_it.c **** /* Includes ------------------------------------------------------------------*/
ARM GAS  /tmp/ccsxTkt3.s 			page 2


  34:Src/stm32f0xx_it.c **** #include "stm32f0xx_hal.h"
  35:Src/stm32f0xx_it.c **** #include "stm32f0xx.h"
  36:Src/stm32f0xx_it.c **** #include "stm32f0xx_it.h"
  37:Src/stm32f0xx_it.c **** 
  38:Src/stm32f0xx_it.c **** /* USER CODE BEGIN 0 */
  39:Src/stm32f0xx_it.c **** 
  40:Src/stm32f0xx_it.c **** /* USER CODE END 0 */
  41:Src/stm32f0xx_it.c **** 
  42:Src/stm32f0xx_it.c **** /* External variables --------------------------------------------------------*/
  43:Src/stm32f0xx_it.c **** extern DMA_HandleTypeDef hdma_adc;
  44:Src/stm32f0xx_it.c **** extern TIM_HandleTypeDef htim16;
  45:Src/stm32f0xx_it.c **** 
  46:Src/stm32f0xx_it.c **** /******************************************************************************/
  47:Src/stm32f0xx_it.c **** /*            Cortex-M0 Processor Interruption and Exception Handlers         */ 
  48:Src/stm32f0xx_it.c **** /******************************************************************************/
  49:Src/stm32f0xx_it.c **** 
  50:Src/stm32f0xx_it.c **** /**
  51:Src/stm32f0xx_it.c **** * @brief This function handles Non maskable interrupt.
  52:Src/stm32f0xx_it.c **** */
  53:Src/stm32f0xx_it.c **** void NMI_Handler(void)
  54:Src/stm32f0xx_it.c **** {
  26              		.loc 1 54 0
  27              		.cfi_startproc
  28              		@ args = 0, pretend = 0, frame = 0
  29              		@ frame_needed = 0, uses_anonymous_args = 0
  30              		@ link register save eliminated.
  55:Src/stm32f0xx_it.c ****   /* USER CODE BEGIN NonMaskableInt_IRQn 0 */
  56:Src/stm32f0xx_it.c **** 
  57:Src/stm32f0xx_it.c ****   /* USER CODE END NonMaskableInt_IRQn 0 */
  58:Src/stm32f0xx_it.c ****   /* USER CODE BEGIN NonMaskableInt_IRQn 1 */
  59:Src/stm32f0xx_it.c **** 
  60:Src/stm32f0xx_it.c ****   /* USER CODE END NonMaskableInt_IRQn 1 */
  61:Src/stm32f0xx_it.c **** }
  31              		.loc 1 61 0
  32              		@ sp needed
  33 0000 7047     		bx	lr
  34              		.cfi_endproc
  35              	.LFE35:
  37              		.section	.text.HardFault_Handler,"ax",%progbits
  38              		.align	1
  39              		.global	HardFault_Handler
  40              		.syntax unified
  41              		.code	16
  42              		.thumb_func
  43              		.fpu softvfp
  45              	HardFault_Handler:
  46              	.LFB36:
  62:Src/stm32f0xx_it.c **** 
  63:Src/stm32f0xx_it.c **** /**
  64:Src/stm32f0xx_it.c **** * @brief This function handles Hard fault interrupt.
  65:Src/stm32f0xx_it.c **** */
  66:Src/stm32f0xx_it.c **** void HardFault_Handler(void)
  67:Src/stm32f0xx_it.c **** {
  47              		.loc 1 67 0
  48              		.cfi_startproc
  49              		@ Volatile: function does not return.
  50              		@ args = 0, pretend = 0, frame = 0
ARM GAS  /tmp/ccsxTkt3.s 			page 3


  51              		@ frame_needed = 0, uses_anonymous_args = 0
  52              		@ link register save eliminated.
  53              	.L3:
  54 0000 FEE7     		b	.L3
  55              		.cfi_endproc
  56              	.LFE36:
  58              		.section	.text.SVC_Handler,"ax",%progbits
  59              		.align	1
  60              		.global	SVC_Handler
  61              		.syntax unified
  62              		.code	16
  63              		.thumb_func
  64              		.fpu softvfp
  66              	SVC_Handler:
  67              	.LFB37:
  68:Src/stm32f0xx_it.c ****   /* USER CODE BEGIN HardFault_IRQn 0 */
  69:Src/stm32f0xx_it.c **** 
  70:Src/stm32f0xx_it.c ****   /* USER CODE END HardFault_IRQn 0 */
  71:Src/stm32f0xx_it.c ****   while (1)
  72:Src/stm32f0xx_it.c ****   {
  73:Src/stm32f0xx_it.c ****     /* USER CODE BEGIN W1_HardFault_IRQn 0 */
  74:Src/stm32f0xx_it.c ****     /* USER CODE END W1_HardFault_IRQn 0 */
  75:Src/stm32f0xx_it.c ****   }
  76:Src/stm32f0xx_it.c ****   /* USER CODE BEGIN HardFault_IRQn 1 */
  77:Src/stm32f0xx_it.c **** 
  78:Src/stm32f0xx_it.c ****   /* USER CODE END HardFault_IRQn 1 */
  79:Src/stm32f0xx_it.c **** }
  80:Src/stm32f0xx_it.c **** 
  81:Src/stm32f0xx_it.c **** /**
  82:Src/stm32f0xx_it.c **** * @brief This function handles System service call via SWI instruction.
  83:Src/stm32f0xx_it.c **** */
  84:Src/stm32f0xx_it.c **** void SVC_Handler(void)
  85:Src/stm32f0xx_it.c **** {
  68              		.loc 1 85 0
  69              		.cfi_startproc
  70              		@ args = 0, pretend = 0, frame = 0
  71              		@ frame_needed = 0, uses_anonymous_args = 0
  72              		@ link register save eliminated.
  86:Src/stm32f0xx_it.c ****   /* USER CODE BEGIN SVC_IRQn 0 */
  87:Src/stm32f0xx_it.c **** 
  88:Src/stm32f0xx_it.c ****   /* USER CODE END SVC_IRQn 0 */
  89:Src/stm32f0xx_it.c ****   /* USER CODE BEGIN SVC_IRQn 1 */
  90:Src/stm32f0xx_it.c **** 
  91:Src/stm32f0xx_it.c ****   /* USER CODE END SVC_IRQn 1 */
  92:Src/stm32f0xx_it.c **** }
  73              		.loc 1 92 0
  74              		@ sp needed
  75 0000 7047     		bx	lr
  76              		.cfi_endproc
  77              	.LFE37:
  79              		.section	.text.PendSV_Handler,"ax",%progbits
  80              		.align	1
  81              		.global	PendSV_Handler
  82              		.syntax unified
  83              		.code	16
  84              		.thumb_func
  85              		.fpu softvfp
ARM GAS  /tmp/ccsxTkt3.s 			page 4


  87              	PendSV_Handler:
  88              	.LFB38:
  93:Src/stm32f0xx_it.c **** 
  94:Src/stm32f0xx_it.c **** /**
  95:Src/stm32f0xx_it.c **** * @brief This function handles Pendable request for system service.
  96:Src/stm32f0xx_it.c **** */
  97:Src/stm32f0xx_it.c **** void PendSV_Handler(void)
  98:Src/stm32f0xx_it.c **** {
  89              		.loc 1 98 0
  90              		.cfi_startproc
  91              		@ args = 0, pretend = 0, frame = 0
  92              		@ frame_needed = 0, uses_anonymous_args = 0
  93              		@ link register save eliminated.
  99:Src/stm32f0xx_it.c ****   /* USER CODE BEGIN PendSV_IRQn 0 */
 100:Src/stm32f0xx_it.c **** 
 101:Src/stm32f0xx_it.c ****   /* USER CODE END PendSV_IRQn 0 */
 102:Src/stm32f0xx_it.c ****   /* USER CODE BEGIN PendSV_IRQn 1 */
 103:Src/stm32f0xx_it.c **** 
 104:Src/stm32f0xx_it.c ****   /* USER CODE END PendSV_IRQn 1 */
 105:Src/stm32f0xx_it.c **** }
  94              		.loc 1 105 0
  95              		@ sp needed
  96 0000 7047     		bx	lr
  97              		.cfi_endproc
  98              	.LFE38:
 100              		.section	.text.SysTick_Handler,"ax",%progbits
 101              		.align	1
 102              		.global	SysTick_Handler
 103              		.syntax unified
 104              		.code	16
 105              		.thumb_func
 106              		.fpu softvfp
 108              	SysTick_Handler:
 109              	.LFB39:
 106:Src/stm32f0xx_it.c **** 
 107:Src/stm32f0xx_it.c **** /**
 108:Src/stm32f0xx_it.c **** * @brief This function handles System tick timer.
 109:Src/stm32f0xx_it.c **** */
 110:Src/stm32f0xx_it.c **** void SysTick_Handler(void)
 111:Src/stm32f0xx_it.c **** {
 110              		.loc 1 111 0
 111              		.cfi_startproc
 112              		@ args = 0, pretend = 0, frame = 0
 113              		@ frame_needed = 0, uses_anonymous_args = 0
 114 0000 10B5     		push	{r4, lr}
 115              	.LCFI0:
 116              		.cfi_def_cfa_offset 8
 117              		.cfi_offset 4, -8
 118              		.cfi_offset 14, -4
 112:Src/stm32f0xx_it.c ****   /* USER CODE BEGIN SysTick_IRQn 0 */
 113:Src/stm32f0xx_it.c **** 
 114:Src/stm32f0xx_it.c ****   /* USER CODE END SysTick_IRQn 0 */
 115:Src/stm32f0xx_it.c ****   HAL_IncTick();
 119              		.loc 1 115 0
 120 0002 FFF7FEFF 		bl	HAL_IncTick
 121              	.LVL0:
 116:Src/stm32f0xx_it.c ****   HAL_SYSTICK_IRQHandler();
ARM GAS  /tmp/ccsxTkt3.s 			page 5


 122              		.loc 1 116 0
 123 0006 FFF7FEFF 		bl	HAL_SYSTICK_IRQHandler
 124              	.LVL1:
 117:Src/stm32f0xx_it.c ****   /* USER CODE BEGIN SysTick_IRQn 1 */
 118:Src/stm32f0xx_it.c **** 
 119:Src/stm32f0xx_it.c ****   /* USER CODE END SysTick_IRQn 1 */
 120:Src/stm32f0xx_it.c **** }
 125              		.loc 1 120 0
 126              		@ sp needed
 127 000a 10BD     		pop	{r4, pc}
 128              		.cfi_endproc
 129              	.LFE39:
 131              		.section	.text.DMA1_Channel1_IRQHandler,"ax",%progbits
 132              		.align	1
 133              		.global	DMA1_Channel1_IRQHandler
 134              		.syntax unified
 135              		.code	16
 136              		.thumb_func
 137              		.fpu softvfp
 139              	DMA1_Channel1_IRQHandler:
 140              	.LFB40:
 121:Src/stm32f0xx_it.c **** 
 122:Src/stm32f0xx_it.c **** /******************************************************************************/
 123:Src/stm32f0xx_it.c **** /* STM32F0xx Peripheral Interrupt Handlers                                    */
 124:Src/stm32f0xx_it.c **** /* Add here the Interrupt Handlers for the used peripherals.                  */
 125:Src/stm32f0xx_it.c **** /* For the available peripheral interrupt handler names,                      */
 126:Src/stm32f0xx_it.c **** /* please refer to the startup file (startup_stm32f0xx.s).                    */
 127:Src/stm32f0xx_it.c **** /******************************************************************************/
 128:Src/stm32f0xx_it.c **** 
 129:Src/stm32f0xx_it.c **** /**
 130:Src/stm32f0xx_it.c **** * @brief This function handles DMA1 channel 1 interrupt.
 131:Src/stm32f0xx_it.c **** */
 132:Src/stm32f0xx_it.c **** void DMA1_Channel1_IRQHandler(void)
 133:Src/stm32f0xx_it.c **** {
 141              		.loc 1 133 0
 142              		.cfi_startproc
 143              		@ args = 0, pretend = 0, frame = 0
 144              		@ frame_needed = 0, uses_anonymous_args = 0
 145 0000 10B5     		push	{r4, lr}
 146              	.LCFI1:
 147              		.cfi_def_cfa_offset 8
 148              		.cfi_offset 4, -8
 149              		.cfi_offset 14, -4
 134:Src/stm32f0xx_it.c ****   /* USER CODE BEGIN DMA1_Channel1_IRQn 0 */
 135:Src/stm32f0xx_it.c **** 
 136:Src/stm32f0xx_it.c ****   /* USER CODE END DMA1_Channel1_IRQn 0 */
 137:Src/stm32f0xx_it.c ****   HAL_DMA_IRQHandler(&hdma_adc);
 150              		.loc 1 137 0
 151 0002 0248     		ldr	r0, .L8
 152 0004 FFF7FEFF 		bl	HAL_DMA_IRQHandler
 153              	.LVL2:
 138:Src/stm32f0xx_it.c ****   /* USER CODE BEGIN DMA1_Channel1_IRQn 1 */
 139:Src/stm32f0xx_it.c **** 
 140:Src/stm32f0xx_it.c ****   /* USER CODE END DMA1_Channel1_IRQn 1 */
 141:Src/stm32f0xx_it.c **** }
 154              		.loc 1 141 0
 155              		@ sp needed
ARM GAS  /tmp/ccsxTkt3.s 			page 6


 156 0008 10BD     		pop	{r4, pc}
 157              	.L9:
 158 000a C046     		.align	2
 159              	.L8:
 160 000c 00000000 		.word	hdma_adc
 161              		.cfi_endproc
 162              	.LFE40:
 164              		.section	.text.TIM16_IRQHandler,"ax",%progbits
 165              		.align	1
 166              		.global	TIM16_IRQHandler
 167              		.syntax unified
 168              		.code	16
 169              		.thumb_func
 170              		.fpu softvfp
 172              	TIM16_IRQHandler:
 173              	.LFB41:
 142:Src/stm32f0xx_it.c **** 
 143:Src/stm32f0xx_it.c **** /**
 144:Src/stm32f0xx_it.c **** * @brief This function handles TIM16 global interrupt.
 145:Src/stm32f0xx_it.c **** */
 146:Src/stm32f0xx_it.c **** void TIM16_IRQHandler(void)
 147:Src/stm32f0xx_it.c **** {
 174              		.loc 1 147 0
 175              		.cfi_startproc
 176              		@ args = 0, pretend = 0, frame = 0
 177              		@ frame_needed = 0, uses_anonymous_args = 0
 178 0000 10B5     		push	{r4, lr}
 179              	.LCFI2:
 180              		.cfi_def_cfa_offset 8
 181              		.cfi_offset 4, -8
 182              		.cfi_offset 14, -4
 148:Src/stm32f0xx_it.c ****   /* USER CODE BEGIN TIM16_IRQn 0 */
 149:Src/stm32f0xx_it.c **** 
 150:Src/stm32f0xx_it.c ****   /* USER CODE END TIM16_IRQn 0 */
 151:Src/stm32f0xx_it.c ****   HAL_TIM_IRQHandler(&htim16);
 183              		.loc 1 151 0
 184 0002 0248     		ldr	r0, .L11
 185 0004 FFF7FEFF 		bl	HAL_TIM_IRQHandler
 186              	.LVL3:
 152:Src/stm32f0xx_it.c ****   /* USER CODE BEGIN TIM16_IRQn 1 */
 153:Src/stm32f0xx_it.c **** 
 154:Src/stm32f0xx_it.c ****   /* USER CODE END TIM16_IRQn 1 */
 155:Src/stm32f0xx_it.c **** }
 187              		.loc 1 155 0
 188              		@ sp needed
 189 0008 10BD     		pop	{r4, pc}
 190              	.L12:
 191 000a C046     		.align	2
 192              	.L11:
 193 000c 00000000 		.word	htim16
 194              		.cfi_endproc
 195              	.LFE41:
 197              		.text
 198              	.Letext0:
 199              		.file 2 "/home/arthurdent/Programs/gcc-arm-none-eabi-6-2017-q1-update/arm-none-eabi/include/machin
 200              		.file 3 "/home/arthurdent/Programs/gcc-arm-none-eabi-6-2017-q1-update/arm-none-eabi/include/sys/_s
 201              		.file 4 "Drivers/CMSIS/Device/ST/STM32F0xx/Include/system_stm32f0xx.h"
ARM GAS  /tmp/ccsxTkt3.s 			page 7


 202              		.file 5 "Drivers/CMSIS/Device/ST/STM32F0xx/Include/stm32f051x8.h"
 203              		.file 6 "/home/arthurdent/Programs/gcc-arm-none-eabi-6-2017-q1-update/arm-none-eabi/include/sys/lo
 204              		.file 7 "/home/arthurdent/Programs/gcc-arm-none-eabi-6-2017-q1-update/arm-none-eabi/include/sys/_t
 205              		.file 8 "/home/arthurdent/Programs/gcc-arm-none-eabi-6-2017-q1-update/lib/gcc/arm-none-eabi/6.3.1/
 206              		.file 9 "/home/arthurdent/Programs/gcc-arm-none-eabi-6-2017-q1-update/arm-none-eabi/include/sys/re
 207              		.file 10 "Drivers/STM32F0xx_HAL_Driver/Inc/stm32f0xx_hal_def.h"
 208              		.file 11 "Drivers/STM32F0xx_HAL_Driver/Inc/stm32f0xx_hal_dma.h"
 209              		.file 12 "Drivers/STM32F0xx_HAL_Driver/Inc/stm32f0xx_hal_tim.h"
 210              		.file 13 "Drivers/STM32F0xx_HAL_Driver/Inc/stm32f0xx_hal.h"
 211              		.file 14 "Drivers/STM32F0xx_HAL_Driver/Inc/stm32f0xx_hal_cortex.h"
ARM GAS  /tmp/ccsxTkt3.s 			page 8


DEFINED SYMBOLS
                            *ABS*:0000000000000000 stm32f0xx_it.c
     /tmp/ccsxTkt3.s:16     .text.NMI_Handler:0000000000000000 $t
     /tmp/ccsxTkt3.s:23     .text.NMI_Handler:0000000000000000 NMI_Handler
     /tmp/ccsxTkt3.s:38     .text.HardFault_Handler:0000000000000000 $t
     /tmp/ccsxTkt3.s:45     .text.HardFault_Handler:0000000000000000 HardFault_Handler
     /tmp/ccsxTkt3.s:59     .text.SVC_Handler:0000000000000000 $t
     /tmp/ccsxTkt3.s:66     .text.SVC_Handler:0000000000000000 SVC_Handler
     /tmp/ccsxTkt3.s:80     .text.PendSV_Handler:0000000000000000 $t
     /tmp/ccsxTkt3.s:87     .text.PendSV_Handler:0000000000000000 PendSV_Handler
     /tmp/ccsxTkt3.s:101    .text.SysTick_Handler:0000000000000000 $t
     /tmp/ccsxTkt3.s:108    .text.SysTick_Handler:0000000000000000 SysTick_Handler
     /tmp/ccsxTkt3.s:132    .text.DMA1_Channel1_IRQHandler:0000000000000000 $t
     /tmp/ccsxTkt3.s:139    .text.DMA1_Channel1_IRQHandler:0000000000000000 DMA1_Channel1_IRQHandler
     /tmp/ccsxTkt3.s:160    .text.DMA1_Channel1_IRQHandler:000000000000000c $d
     /tmp/ccsxTkt3.s:165    .text.TIM16_IRQHandler:0000000000000000 $t
     /tmp/ccsxTkt3.s:172    .text.TIM16_IRQHandler:0000000000000000 TIM16_IRQHandler
     /tmp/ccsxTkt3.s:193    .text.TIM16_IRQHandler:000000000000000c $d
                     .debug_frame:0000000000000010 $d

UNDEFINED SYMBOLS
HAL_IncTick
HAL_SYSTICK_IRQHandler
HAL_DMA_IRQHandler
hdma_adc
HAL_TIM_IRQHandler
htim16
